<?xml version="1.0" encoding="utf-8"?><testsuites><testsuite name="pytest" errors="0" failures="179" skipped="31" tests="584" time="24.037" timestamp="2026-09-25T12:23:04.492032" hostname="htlocalserver"><testcase classname="tests.test_bot" name="test_pullback_target_enforces_minimum_atr_distance_and_rejects_narrow_room" time="0.003" /><testcase classname="tests.test_bot" name="test_tail_end_rebound_guard_blocks_last_pulse_without_follow_through" time="0.003" /><testcase classname="tests.test_bot" name="test_strong_signal_with_weak_volume_is_allowed_when_not_a_tail_end_risk" time="0.002" /><testcase classname="tests.test_bot" name="test_recent_history_has_more_weight_than_older_trades" time="0.001" /><testcase classname="tests.test_bot" name="test_pullback_outcome_classifies_touched_timeout" time="0.001" /><testcase classname="tests.test_bot" name="test_entry_filter_stats_record_components_adjustments_and_last_snapshot" time="0.002"><failure message="assert 0 == 1">tests/test_bot.py:224: in test_entry_filter_stats_record_components_adjustments_and_last_snapshot
    assert stats["evaluations"] == 1
E   assert 0 == 1</failure></testcase><testcase classname="tests.test_bot" name="test_score_low_progress_displays_component_breakdown" time="0.001" /><testcase classname="tests.test_bot" name="test_ma5_wait_detail_reports_retracing_values_volume_and_rsi" time="0.002" /><testcase classname="tests.test_bot" name="test_ma5_wait_detail_reports_first_turn_low_volume" time="0.002" /><testcase classname="tests.test_bot" name="test_entry_direction_guard_blocks_wrong_1h_st_and_ema50" time="0.001"><failure message="assert True is False">tests/test_bot.py:304: in test_entry_direction_guard_blocks_wrong_1h_st_and_ema50
    assert allowed is False
E   assert True is False</failure></testcase><testcase classname="tests.test_bot" name="test_strategy_indicators" time="0.047" /><testcase classname="tests.test_bot" name="test_paper_entry_slippage_preserves_planned_reward_risk[asyncio]" time="0.003" /><testcase classname="tests.test_bot" name="test_paper_small_profit_exits_are_opt_in[asyncio]" time="0.003" /><testcase classname="tests.test_bot" name="test_paper_account_open_close[asyncio]" time="0.004" /><testcase classname="tests.test_bot" name="test_paper_entry_rejects_margin_that_cannot_cover_entry_fee[asyncio]" time="0.002" /><testcase classname="tests.test_bot" name="test_paper_account_repeated_close_creates_one_trade[asyncio]" time="0.003" /><testcase classname="tests.test_bot" name="test_paper_partial_close_refunds_margin_and_pnl[asyncio]" time="0.004" /><testcase classname="tests.test_bot" name="test_paper_account_sl_and_tp_trigger_on_price_cross[asyncio]" time="0.000"><skipped type="pytest.skip" message="obsolete MA5/exit logic">/tmp/red-eye-673d0c7-0jwunhws/tests/test_bot.py:477: obsolete MA5/exit logic</skipped></testcase><testcase classname="tests.test_bot" name="test_paper_profit_bank_turns_bankable_float_into_net_profit[asyncio-LONG-100.35-100.25-101.0-100.8-102.0-101.8]" time="0.007" /><testcase classname="tests.test_bot" name="test_paper_profit_bank_turns_bankable_float_into_net_profit[asyncio-SHORT-99.65-99.75-99.0-99.2-98.0-98.2]" time="0.007" /><testcase classname="tests.test_bot" name="test_paper_early_profit_guard_closes_on_giveback[asyncio]" time="0.005" /><testcase classname="tests.test_bot" name="test_trend_extension_captures_seventy_percent_of_peak[asyncio]" time="0.005" /><testcase classname="tests.test_bot" name="test_bounce_closes_at_configured_room_capture_target[asyncio]" time="0.002"><failure message="KeyError: 'DOGE/USDT'">tests/test_bot.py:621: in test_bounce_closes_at_configured_room_capture_target
    entry = account.positions["DOGE/USDT"]["entry_price"]
E   KeyError: 'DOGE/USDT'</failure></testcase><testcase classname="tests.test_bot" name="test_paper_early_profit_guard_does_not_arm_below_threshold[asyncio]" time="0.003" /><testcase classname="tests.test_bot" name="test_paper_account_trailing_stop_moves_sl_favorably[asyncio]" time="0.000"><skipped type="pytest.skip" message="obsolete MA5/exit logic">/tmp/red-eye-673d0c7-0jwunhws/tests/test_bot.py:653: obsolete MA5/exit logic</skipped></testcase><testcase classname="tests.test_bot" name="test_paper_account_trailing_sl_gap_through_labels_as_stop_loss_not_profit[asyncio]" time="0.000"><skipped type="pytest.skip" message="obsolete MA5/exit logic">/tmp/red-eye-673d0c7-0jwunhws/tests/test_bot.py:674: obsolete MA5/exit logic</skipped></testcase><testcase classname="tests.test_bot" name="test_paper_account_lets_rebound_run_and_closes_at_its_own_peak[asyncio]" time="0.004"><failure message="AssertionError: assert 'BTC/USDT' in {}&#10; +  where {} = &lt;core.paper_account.PaperAccount object at 0x7dc402f48ad0&gt;.positions">tests/test_bot.py:720: in test_paper_account_lets_rebound_run_and_closes_at_its_own_peak
    assert "BTC/USDT" in account.positions
E   AssertionError: assert 'BTC/USDT' in {}
E    +  where {} = &lt;core.paper_account.PaperAccount object at 0x7dc402f48ad0&gt;.positions</failure></testcase><testcase classname="tests.test_bot" name="test_paper_account_peak_drawdown_preempts_local_stop_loss[asyncio]" time="0.004"><failure message="AssertionError: assert 'BTC/USDT' in {}&#10; +  where {} = &lt;core.paper_account.PaperAccount object at 0x7dc402f39100&gt;.positions">tests/test_bot.py:750: in test_paper_account_peak_drawdown_preempts_local_stop_loss
    assert "BTC/USDT" in account.positions
E   AssertionError: assert 'BTC/USDT' in {}
E    +  where {} = &lt;core.paper_account.PaperAccount object at 0x7dc402f39100&gt;.positions</failure></testcase><testcase classname="tests.test_bot" name="test_paper_account_rebound_close_requires_profit_above_round_trip_cost[asyncio]" time="0.004" /><testcase classname="tests.test_bot" name="test_half_percent_trigger_locks_fixed_three_tenths_pct[asyncio]" time="0.006" /><testcase classname="tests.test_bot" name="test_fixed_profit_lock_does_not_apply_before_continuous_wave_pivot[asyncio-RANGE-LONG-100.5]" time="0.002" /><testcase classname="tests.test_bot" name="test_fixed_profit_lock_does_not_apply_before_continuous_wave_pivot[asyncio-TREND-SHORT-99.5]" time="0.003" /><testcase classname="tests.test_bot" name="test_outer_run_ignores_profit_lock_stop_until_returned_inside[asyncio]" time="0.004"><failure message="AssertionError: assert 'BTC/USDT' in {}&#10; +  where {} = &lt;core.paper_account.PaperAccount object at 0x7dc403aa67b0&gt;.positions">tests/test_bot.py:893: in test_outer_run_ignores_profit_lock_stop_until_returned_inside
    assert "BTC/USDT" in account.positions
E   AssertionError: assert 'BTC/USDT' in {}
E    +  where {} = &lt;core.paper_account.PaperAccount object at 0x7dc403aa67b0&gt;.positions</failure></testcase><testcase classname="tests.test_bot" name="test_range_swing_does_not_arm_fixed_lock_before_outer_run[asyncio]" time="0.003" /><testcase classname="tests.test_bot" name="test_paper_account_daily_loss_limit_blocks_new_entries_only[asyncio]" time="0.002" /><testcase classname="tests.test_bot" name="test_paper_account_place_limit_entry_fills_immediately[asyncio]" time="0.002" /><testcase classname="tests.test_bot" name="test_paper_account_post_only_waits_for_cross_and_fills_at_limit[asyncio]" time="0.004" /><testcase classname="tests.test_bot" name="test_paper_structured_trailing_waits_for_one_point_five_r_and_locks_one_r[asyncio]" time="0.005"><failure message="KeyError: 'BTC/USDT'">tests/test_bot.py:1013: in test_paper_structured_trailing_waits_for_one_point_five_r_and_locks_one_r
    assert account.positions["BTC/USDT"]["sl"] &gt;= entry + risk
E   KeyError: 'BTC/USDT'</failure></testcase><testcase classname="tests.test_bot" name="test_bot_supervisor_restarts_unexpectedly_stopped_engine[asyncio]" time="0.022" /><testcase classname="tests.test_bot" name="test_bot_supervisor_clears_legacy_pause[asyncio]" time="0.002" /><testcase classname="tests.test_bot" name="test_bot_supervisor_rebuilds_dead_main_task[asyncio]" time="0.002" /><testcase classname="tests.test_bot" name="test_open_trade_persists_score_reason_and_dynamic_leverage[asyncio]" time="0.003" /><testcase classname="tests.test_bot" name="test_execution_price_guard_accepts_close_market_and_rejects_deviation[asyncio]" time="0.001" /><testcase classname="tests.test_bot" name="test_unconfirmed_opposite_candle_keeps_cr_position_until_closed_pivot[asyncio]" time="0.105" /><testcase classname="tests.test_bot" name="test_bottom_entry_grace_ignores_early_strong_soft_exit[asyncio]" time="0.035"><failure message="KeyError: 'bottom_entry_grace'">tests/test_bot.py:2507: in test_bottom_entry_grace_ignores_early_strong_soft_exit
    assert engine.position_triggers["DOGE/USDT"]["bottom_entry_grace"] is True
E   KeyError: 'bottom_entry_grace'</failure></testcase><testcase classname="tests.test_bot" name="test_zero_sl_peak_threshold_executes_initial_stop_immediately[asyncio]" time="0.007"><failure message="AssertionError: assert 'Stop-Loss' in '緊急斷路:急速反向 3.3ATR(&gt;1.5ATR)'">tests/test_bot.py:2617: in test_zero_sl_peak_threshold_executes_initial_stop_immediately
    assert "Stop-Loss" in account.trades[0]["reason"]
E   AssertionError: assert 'Stop-Loss' in '緊急斷路:急速反向 3.3ATR(&gt;1.5ATR)'</failure></testcase><testcase classname="tests.test_bot" name="test_sl_only_after_peak_prevents_early_stop[asyncio]" time="0.004"><failure message="AssertionError: assert 'TEST/USDT' in {}&#10; +  where {} = &lt;core.paper_account.PaperAccount object at 0x7dc402f3ac30&gt;.positions">tests/test_bot.py:2644: in test_sl_only_after_peak_prevents_early_stop
    assert "TEST/USDT" in account.positions
E   AssertionError: assert 'TEST/USDT' in {}
E    +  where {} = &lt;core.paper_account.PaperAccount object at 0x7dc402f3ac30&gt;.positions</failure></testcase><testcase classname="tests.test_bot" name="test_exhaustion_sniper_hard_stop_ignores_peak_gate[asyncio]" time="0.004" /><testcase classname="tests.test_bot" name="test_pullback_timeout_locks_old_breakout_instead_of_recreating[asyncio]" time="0.002"><failure message="KeyError: 'XPL/USDT'">tests/test_bot.py:2796: in test_pullback_timeout_locks_old_breakout_instead_of_recreating
    assert engine._expired_pullback_sides["XPL/USDT"] == "SHORT"
E   KeyError: 'XPL/USDT'</failure></testcase><testcase classname="tests.test_bot" name="test_90_plus_current_maker_places_post_only_without_pullback_wait[asyncio]" time="0.002"><failure message="AttributeError: 'TradingEngine' object has no attribute '_place_current_maker_candidate'">tests/test_bot.py:2920: in test_90_plus_current_maker_places_post_only_without_pullback_wait
    result = await engine._place_current_maker_candidate(
E   AttributeError: 'TradingEngine' object has no attribute '_place_current_maker_candidate'</failure></testcase><testcase classname="tests.test_bot" name="test_pending_limit_is_validated_for_drift_before_fill_check[asyncio]" time="0.002"><failure message="AssertionError: assert '漂移' in '舊掛單策略停用，等待新外軌訊號'">tests/test_bot.py:3019: in test_pending_limit_is_validated_for_drift_before_fill_check
    assert "漂移" in events[0][1]
E   AssertionError: assert '漂移' in '舊掛單策略停用，等待新外軌訊號'</failure></testcase><testcase classname="tests.test_bot" name="test_structured_pending_revalidates_direction_mode_and_target[asyncio-fresh_signal0-\u65b9\u5411\u5df2\u7ffb\u8f49]" time="0.002"><failure message="AssertionError: assert '方向已翻轉' in '舊掛單策略停用，等待新外軌訊號'">tests/test_bot.py:3102: in test_structured_pending_revalidates_direction_mode_and_target
    assert reason_fragment in events[0][1]
E   AssertionError: assert '方向已翻轉' in '舊掛單策略停用，等待新外軌訊號'</failure></testcase><testcase classname="tests.test_bot" name="test_structured_pending_revalidates_direction_mode_and_target[asyncio-fresh_signal1-\u7d50\u69cb\u639b\u55ae\u76ee\u6a19\u5df2\u6f02\u79fb]" time="0.002"><failure message="AssertionError: assert '結構掛單目標已漂移' in '舊掛單策略停用，等待新外軌訊號'">tests/test_bot.py:3102: in test_structured_pending_revalidates_direction_mode_and_target
    assert reason_fragment in events[0][1]
E   AssertionError: assert '結構掛單目標已漂移' in '舊掛單策略停用，等待新外軌訊號'</failure></testcase><testcase classname="tests.test_bot" name="test_structured_pending_revalidates_direction_mode_and_target[asyncio-fresh_signal2-\u5165\u53e3\u6a21\u5f0f\u5df2\u6539\u8b8a]" time="0.002"><failure message="AssertionError: assert '入口模式已改變' in '舊掛單策略停用，等待新外軌訊號'">tests/test_bot.py:3102: in test_structured_pending_revalidates_direction_mode_and_target
    assert reason_fragment in events[0][1]
E   AssertionError: assert '入口模式已改變' in '舊掛單策略停用，等待新外軌訊號'</failure></testcase><testcase classname="tests.test_bot" name="test_structured_rr_experiment_keeps_point_five_hard_floor[asyncio-0.0095-False-True]" time="0.002"><failure message="AssertionError: [(&lt;test_bot.test_structured_rr_experiment_keeps_point_five_hard_floor.&lt;locals&gt;.DummyAccount object at 0x7dc402f4bc50&gt;, '#x1F6D1 XMR/USDT 舊策略 SUPPORT_PULLBACK 已停用', 'WARNING')]&#10;assert False is True">tests/test_bot.py:3401: in test_structured_rr_experiment_keeps_point_five_hard_floor
    assert result is should_place, log_messages
E   AssertionError: [(&lt;test_bot.test_structured_rr_experiment_keeps_point_five_hard_floor.&lt;locals&gt;.DummyAccount object at 0x7dc402f4bc50&gt;, '#x1F6D1 XMR/USDT 舊策略 SUPPORT_PULLBACK 已停用', 'WARNING')]
E   assert False is True</failure></testcase><testcase classname="tests.test_bot" name="test_structured_rr_experiment_keeps_point_five_hard_floor[asyncio-0.004-False-False]" time="0.002" /><testcase classname="tests.test_bot" name="test_structured_rr_experiment_keeps_point_five_hard_floor[asyncio-0.004-True-False]" time="0.002" /><testcase classname="tests.test_bot" name="test_exhaustion_sniper_structured_entry_is_market_with_exact_stop[asyncio]" time="0.002"><failure message="assert False is True">tests/test_bot.py:3455: in test_exhaustion_sniper_structured_entry_is_market_with_exact_stop
    assert await engine._place_structured_entry("TEST/USDT", signal, 100.0) is True
E   assert False is True</failure></testcase><testcase classname="tests.test_bot" name="test_legacy_single_exit_does_not_manage_continuous_wave_position[asyncio]" time="0.002" /><testcase classname="tests.test_bot" name="test_legacy_outer_peak_wait_is_discarded[asyncio]" time="0.032"><failure message="AttributeError: &lt;core.engine.TradingEngine object at 0x7dc402edcf20&gt; has no attribute '_place_continuous_market_entry'">tests/test_bot.py:4116: in test_legacy_outer_peak_wait_is_discarded
    monkeypatch.setattr(engine, "_place_continuous_market_entry", place_entry)
E   AttributeError: &lt;core.engine.TradingEngine object at 0x7dc402edcf20&gt; has no attribute '_place_continuous_market_entry'</failure></testcase><testcase classname="tests.test_bot" name="test_outer_run_holds_through_unconfirmed_red_candles[asyncio]" time="0.034"><failure message="AttributeError: &lt;core.engine.TradingEngine object at 0x7dc402ede150&gt; has no attribute '_place_continuous_market_entry'">tests/test_bot.py:4202: in test_outer_run_holds_through_unconfirmed_red_candles
    monkeypatch.setattr(engine, "_place_continuous_market_entry", place_entry)
E   AttributeError: &lt;core.engine.TradingEngine object at 0x7dc402ede150&gt; has no attribute '_place_continuous_market_entry'</failure></testcase><testcase classname="tests.test_bot" name="test_range_position_ignores_fixed_stop_in_outer_rail_only_mode[asyncio]" time="0.004"><failure message="AssertionError: assert 'BTC/USDT' in {}&#10; +  where {} = &lt;core.paper_account.PaperAccount object at 0x7dc402f2bf50&gt;.positions">tests/test_bot.py:4350: in test_range_position_ignores_fixed_stop_in_outer_rail_only_mode
    assert "BTC/USDT" in account.positions
E   AssertionError: assert 'BTC/USDT' in {}
E    +  where {} = &lt;core.paper_account.PaperAccount object at 0x7dc402f2bf50&gt;.positions</failure></testcase><testcase classname="tests.test_bot" name="test_trend_position_ignores_middle_take_profit[asyncio]" time="0.007"><failure message="AssertionError: assert 'ETH/USDT' in {}&#10; +  where {} = &lt;core.paper_account.PaperAccount object at 0x7dc402f48ec0&gt;.positions">tests/test_bot.py:4370: in test_trend_position_ignores_middle_take_profit
    assert "ETH/USDT" in account.positions
E   AssertionError: assert 'ETH/USDT' in {}
E    +  where {} = &lt;core.paper_account.PaperAccount object at 0x7dc402f48ec0&gt;.positions</failure></testcase><testcase classname="tests.test_bot" name="test_trend_follow_exits_and_partial_close[asyncio]" time="0.000"><skipped type="pytest.skip" message="obsolete MA5/exit logic">/tmp/red-eye-673d0c7-0jwunhws/tests/test_bot.py:5383: obsolete MA5/exit logic</skipped></testcase><testcase classname="tests.test_bot" name="test_strong_trigger_alone_does_not_auto_close_without_exit_signal[asyncio]" time="0.082"><failure message="RuntimeError: 8006 Testnet API Key 尚未設定">tests/test_bot.py:5472: in test_strong_trigger_alone_does_not_auto_close_without_exit_signal
    await account.initialize()
core/testnet_account.py:336: in initialize
    raise RuntimeError("8006 Testnet API Key 尚未設定")
E   RuntimeError: 8006 Testnet API Key 尚未設定</failure></testcase><testcase classname="tests.test_bot" name="test_ma5_only_trigger_does_not_close_during_minimum_hold[asyncio]" time="0.035"><failure message="KeyError: 'ma5_exit_ready'">tests/test_bot.py:5574: in test_ma5_only_trigger_does_not_close_during_minimum_hold
    assert engine.position_triggers["DOGE/USDT"]["ma5_exit_ready"] is False
E   KeyError: 'ma5_exit_ready'</failure></testcase><testcase classname="tests.test_bot" name="test_trailing_sl_moves_up_for_long[asyncio]" time="0.002"><failure message="RuntimeError: 8006 Testnet API Key 尚未設定">tests/test_bot.py:5587: in test_trailing_sl_moves_up_for_long
    await account.initialize()
core/testnet_account.py:336: in initialize
    raise RuntimeError("8006 Testnet API Key 尚未設定")
E   RuntimeError: 8006 Testnet API Key 尚未設定</failure></testcase><testcase classname="tests.test_bot" name="test_trailing_sl_does_not_move_back[asyncio]" time="0.002"><failure message="RuntimeError: 8006 Testnet API Key 尚未設定">tests/test_bot.py:5629: in test_trailing_sl_does_not_move_back
    await account.initialize()
core/testnet_account.py:336: in initialize
    raise RuntimeError("8006 Testnet API Key 尚未設定")
E   RuntimeError: 8006 Testnet API Key 尚未設定</failure></testcase><testcase classname="tests.test_bot" name="test_legacy_momentum_cross_position_migrates_to_trend_profile[asyncio]" time="0.004" /><testcase classname="tests.test_bot" name="test_structured_exit_scales_half_at_one_point_five_r[asyncio]" time="0.036"><failure message="AssertionError: [{'level': 'SUCCESS', 'text': '#x1F680 [紙上交易] 開倉成功 [LONG] BTC/USDT @ 100.01 (2x，含滑點，SL=99.01, TP=0)', 'time': '20:23:12', 'timestamp': 1790338992.8912196}]&#10;assert 0.9999000099990001 == 0.49995000499950004 ± 5.0e-07&#10;  &#10;  comparison failed&#10;  Obtained: 0.9999000099990001&#10;  Expected: 0.49995000499950004 ± 5.0e-07">tests/test_bot.py:6193: in test_structured_exit_scales_half_at_one_point_five_r
    assert account.positions["BTC/USDT"]["qty"] == pytest.approx(original_qty * 0.5), account.logs
E   AssertionError: [{'level': 'SUCCESS', 'text': '#x1F680 [紙上交易] 開倉成功 [LONG] BTC/USDT @ 100.01 (2x，含滑點，SL=99.01, TP=0)', 'time': '20:23:12', 'timestamp': 1790338992.8912196}]
E   assert 0.9999000099990001 == 0.49995000499950004 ± 5.0e-07
E     
E     comparison failed
E     Obtained: 0.9999000099990001
E     Expected: 0.49995000499950004 ± 5.0e-07</failure></testcase><testcase classname="tests.test_bot" name="test_validate_mainstream_symbols_warns_on_invalid_symbol[asyncio]" time="0.033" /><testcase classname="tests.test_bot" name="test_validate_mainstream_symbols_passes_when_all_valid[asyncio]" time="0.032" /><testcase classname="tests.test_bot" name="test_soft_warning_tightens_sl_after_persist_threshold[asyncio]" time="0.000"><skipped type="pytest.skip" message="obsolete MA5/exit logic">/tmp/red-eye-673d0c7-0jwunhws/tests/test_bot.py:6252: obsolete MA5/exit logic</skipped></testcase><testcase classname="tests.test_bot" name="test_contrarian_bottom_buy_trailing_respects_safety_floor[asyncio]" time="0.000"><skipped type="pytest.skip" message="obsolete MA5/exit logic">/tmp/red-eye-673d0c7-0jwunhws/tests/test_bot.py:6319: obsolete MA5/exit logic</skipped></testcase><testcase classname="tests.test_bot" name="test_support_pullback_touch_waits_for_reclaim_before_entry[asyncio]" time="0.006" /><testcase classname="tests.test_bot" name="test_support_pullback_cancels_when_touch_keeps_moving_adverse[asyncio]" time="0.004" /><testcase classname="tests.test_bot" name="test_support_pullback_allows_low_reward_risk_when_filter_disabled[asyncio]" time="0.004" /><testcase classname="tests.test_bot" name="test_support_pullback_default_paper_maker_fills_at_resting_limit[asyncio]" time="0.004" /><testcase classname="tests.test_bot" name="test_risky_support_pullback_requires_reclaim_even_when_global_flag_is_off[asyncio-entry_context0]" time="0.004" /><testcase classname="tests.test_bot" name="test_risky_support_pullback_requires_reclaim_even_when_global_flag_is_off[asyncio-entry_context1]" time="0.005" /><testcase classname="tests.test_bot" name="test_bounce_without_follow_through_exits_early[asyncio]" time="0.003" /><testcase classname="tests.test_bot" name="test_bounce_early_profit_guard_captures_saga_sized_move[asyncio]" time="0.005" /><testcase classname="tests.test_bot" name="test_toggle_restarts_instead_of_pausing[asyncio]" time="0.002" /><testcase classname="tests.test_bot" name="test_startup_failure_still_launches_supervisor[asyncio]" time="0.002" /><testcase classname="tests.test_bot" name="test_paper_account_migrates_legacy_accounting_once" time="0.002" /><testcase classname="tests.test_bot" name="test_trailing_locks_at_least_seventy_percent_from_point_six_pct" time="0.001" /><testcase classname="tests.test_bot" name="test_low_score_signal_caps_eth_leverage" time="0.001" /><testcase classname="tests.test_bot" name="test_market_rotation_starts_with_seed_symbols_and_has_configured_slots" time="0.001" /><testcase classname="tests.test_bot" name="test_effective_slots_remain_at_configured_cap_as_balance_changes" time="0.001" /><testcase classname="tests.test_bot" name="test_two_slots_reopen_independently_and_compound_realized_balance" time="0.001"><failure message="assert 57.0 == 60.0 ± 6.0e-05&#10;  &#10;  comparison failed&#10;  Obtained: 57.0&#10;  Expected: 60.0 ± 6.0e-05">tests/test_bot.py:1066: in test_two_slots_reopen_independently_and_compound_realized_balance
    assert engine._continuous_entry_amount() == pytest.approx(60.0)
E   assert 57.0 == 60.0 ± 6.0e-05
E     
E     comparison failed
E     Obtained: 57.0
E     Expected: 60.0 ± 6.0e-05</failure></testcase><testcase classname="tests.test_bot" name="test_pausing_trading_keeps_market_data_task_alive" time="0.002" /><testcase classname="tests.test_bot" name="test_paused_api_startup_still_starts_market_data" time="0.001" /><testcase classname="tests.test_bot" name="test_configured_trade_amount_uses_50_usdt_per_slot" time="0.001" /><testcase classname="tests.test_bot" name="test_entry_depth_is_score_tiered_for_current_maker_and_pullbacks" time="0.001" /><testcase classname="tests.test_bot" name="test_hard_filter_is_reported_as_eligibility_not_zero_score" time="0.000"><skipped type="pytest.skip" message="obsolete MA5/exit logic">/tmp/red-eye-673d0c7-0jwunhws/tests/test_bot.py:1282: obsolete MA5/exit logic</skipped></testcase><testcase classname="tests.test_bot" name="test_initial_score_is_capped_at_100_and_stage_scores_are_explicit" time="0.000"><skipped type="pytest.skip" message="obsolete MA5/exit logic">/tmp/red-eye-673d0c7-0jwunhws/tests/test_bot.py:1300: obsolete MA5/exit logic</skipped></testcase><testcase classname="tests.test_bot" name="test_signal_progress_shows_history_adjustment_chain" time="0.001" /><testcase classname="tests.test_bot" name="test_pullback_order_log_shows_initial_and_confirmation_scores" time="0.001" /><testcase classname="tests.test_bot" name="test_signal_progress_does_not_mislabel_passed_kc_as_waiting" time="0.001" /><testcase classname="tests.test_bot" name="test_signal_progress_reports_only_true_unconfirmed_kc_as_waiting" time="0.001" /><testcase classname="tests.test_bot" name="test_engine_records_four_shadow_profiles_without_changing_baseline" time="0.759"><failure message="assert 0 == 1">tests/test_bot.py:1402: in test_engine_records_four_shadow_profiles_without_changing_baseline
    assert stats["evaluations"] == 1
E   assert 0 == 1</failure></testcase><testcase classname="tests.test_bot" name="test_low_quality_breakout_is_rejected_even_when_total_score_qualifies" time="0.000"><skipped type="pytest.skip" message="obsolete MA5/exit logic">/tmp/red-eye-673d0c7-0jwunhws/tests/test_bot.py:1411: obsolete MA5/exit logic</skipped></testcase><testcase classname="tests.test_bot" name="test_history_penalty_can_cancel_an_otherwise_high_score_signal" time="0.001" /><testcase classname="tests.test_bot" name="test_known_negative_expectancy_symbols_are_paused" time="0.001" /><testcase classname="tests.test_bot" name="test_adx_decline_above_quality_floor_is_soft_penalty" time="0.000"><skipped type="pytest.skip" message="obsolete MA5/exit logic">/tmp/red-eye-673d0c7-0jwunhws/tests/test_bot.py:1443: obsolete MA5/exit logic</skipped></testcase><testcase classname="tests.test_bot" name="test_pullback_reconfirmation_passes_when_conditions_still_hold" time="0.002" /><testcase classname="tests.test_bot" name="test_pullback_reconfirmation_rechecks_btc_regime" time="0.002" /><testcase classname="tests.test_bot" name="test_pullback_reconfirmation_cancels_when_supertrend_reversed" time="0.002" /><testcase classname="tests.test_bot" name="test_pullback_reconfirmation_cancels_when_too_stale" time="0.002" /><testcase classname="tests.test_bot" name="test_pullback_reconfirmation_cancels_when_adx_declining" time="0.002" /><testcase classname="tests.test_bot" name="test_pullback_reconfirmation_softens_adx_decline_above_quality_floor" time="0.003" /><testcase classname="tests.test_bot" name="test_pullback_reconfirmation_cancels_when_1h_trend_declining" time="0.002" /><testcase classname="tests.test_bot" name="test_pullback_reconfirmation_cancels_when_price_overextended" time="0.002" /><testcase classname="tests.test_bot" name="test_pullback_reconfirmation_cancels_when_price_breaches_ema20_long" time="0.002" /><testcase classname="tests.test_bot" name="test_pullback_reconfirmation_cancels_when_price_breaches_ema20_short" time="0.002" /><testcase classname="tests.test_bot" name="test_pullback_reconfirmation_passes_when_price_still_on_correct_side_of_ema20" time="0.002" /><testcase classname="tests.test_bot" name="test_adverse_pullback_volume_spike_is_observed_without_hard_block" time="0.003" /><testcase classname="tests.test_bot" name="test_pullback_reconfirmation_passes_when_volume_fades_but_other_signals_strong" time="0.002" /><testcase classname="tests.test_bot" name="test_pullback_reconfirmation_cancels_when_pullback_score_insufficient" time="0.002" /><testcase classname="tests.test_bot" name="test_pullback_reconfirmation_cancels_when_1h_trend_flipped" time="0.002" /><testcase classname="tests.test_bot" name="test_local_ai_advisor_accepts_only_allowed_symbols" time="0.003" /><testcase classname="tests.test_bot" name="test_trade_history_ai_analysis_is_sanitized_cached_and_persisted" time="0.004" /><testcase classname="tests.test_bot" name="test_directional_monitor_pool_requires_1h_st_and_tradeable_atr" time="0.001" /><testcase classname="tests.test_bot" name="test_negative_expectancy_quarantine_needs_enough_samples" time="0.001" /><testcase classname="tests.test_bot" name="test_history_allocation_uses_half_size_for_sparse_or_negative_direction" time="0.001" /><testcase classname="tests.test_bot" name="test_consecutive_hard_stops_start_directional_cooldown" time="0.001" /><testcase classname="tests.test_bot" name="test_kc_entry_setup_prioritizes_fresh_outer_moves_and_rejects_runaways[LONG-100.2-3]" time="0.001" /><testcase classname="tests.test_bot" name="test_kc_entry_setup_prioritizes_fresh_outer_moves_and_rejects_runaways[SHORT-98.8-3]" time="0.001" /><testcase classname="tests.test_bot" name="test_kc_entry_setup_prioritizes_fresh_outer_moves_and_rejects_runaways[LONG-99.2-2]" time="0.001" /><testcase classname="tests.test_bot" name="test_kc_entry_setup_prioritizes_fresh_outer_moves_and_rejects_runaways[SHORT-99.8-2]" time="0.001" /><testcase classname="tests.test_bot" name="test_kc_entry_setup_prioritizes_fresh_outer_moves_and_rejects_runaways[LONG-99.7-1]" time="0.001" /><testcase classname="tests.test_bot" name="test_kc_entry_setup_prioritizes_fresh_outer_moves_and_rejects_runaways[SHORT-99.3-1]" time="0.001" /><testcase classname="tests.test_bot" name="test_kc_entry_setup_prioritizes_fresh_outer_moves_and_rejects_runaways[LONG-101.0-0]" time="0.001" /><testcase classname="tests.test_bot" name="test_kc_entry_setup_prioritizes_fresh_outer_moves_and_rejects_runaways[SHORT-98.0-0]" time="0.002" /><testcase classname="tests.test_bot" name="test_directional_rotation_prefers_kc_outer_setup_over_higher_score" time="0.001" /><testcase classname="tests.test_bot" name="test_market_candidates_only_keeps_liquid_crypto_perpetuals" time="0.001" /><testcase classname="tests.test_bot" name="test_market_candidates_reserve_space_for_liquid_trend_movers" time="0.001" /><testcase classname="tests.test_bot" name="test_purge_unhealthy_removes_illiquid_candidate_but_protects_held_position" time="0.002" /><testcase classname="tests.test_bot" name="test_get_dynamic_leverage_caps_at_3x_when_adx_energy_weak" time="0.001" /><testcase classname="tests.test_bot" name="test_directional_rotation_selects_six_each_and_protects_position" time="0.001" /><testcase classname="tests.test_bot" name="test_directional_rotation_keeps_old_symbols_when_no_replacement_is_ready" time="0.001" /><testcase classname="tests.test_bot" name="test_directional_rotation_replaces_only_for_immediately_tradeable_symbol" time="0.001" /><testcase classname="tests.test_bot" name="test_directional_rotation_backfills_missing_shorts_with_longs" time="0.001" /><testcase classname="tests.test_bot" name="test_directional_rotation_does_not_fill_with_ineligible_symbols" time="0.001" /><testcase classname="tests.test_bot" name="test_trade_amount_multiplier_uses_tiered_size_for_score_75" time="0.001" /><testcase classname="tests.test_bot" name="test_position_trigger_strong_red_candle_protects_long_before_peak_confirmation" time="0.006" /><testcase classname="tests.test_bot" name="test_position_trigger_strong_green_candle_protects_short_before_trough_confirmation" time="0.003" /><testcase classname="tests.test_bot" name="test_position_trigger_small_opposite_candle_keeps_position" time="0.006" /><testcase classname="tests.test_bot" name="test_position_trigger_long_inactive_when_price_healthy" time="0.003" /><testcase classname="tests.test_bot" name="test_position_trigger_inactive_when_not_enough_bars" time="0.001" /><testcase classname="tests.test_bot" name="test_position_trigger_short_ma_ok_true_when_price_still_below_ma" time="0.003" /><testcase classname="tests.test_bot" name="test_ma5_exit_gate_requires_ten_minute_hold" time="0.002" /><testcase classname="tests.test_bot" name="test_ma5_exit_gate_requires_adverse_price_move" time="0.001" /><testcase classname="tests.test_bot" name="test_ma5_exit_gate_allows_mature_meaningful_reversal" time="0.001" /><testcase classname="tests.test_bot" name="test_bottom_entry_has_thirty_minute_soft_exit_grace" time="0.001" /><testcase classname="tests.test_bot" name="test_margin_is_reduced_to_fixed_net_risk_cap" time="0.001" /><testcase classname="tests.test_bot" name="test_sl_tp_distance_guarantees_minimum_net_reward_risk_after_fees" time="0.001" /><testcase classname="tests.test_bot" name="test_long_and_short_sl_tp_follow_side_specific_price_order" time="0.001" /><testcase classname="tests.test_bot" name="test_validate_sl_tp_pair_rejects_invalid_side_specific_order" time="0.001" /><testcase classname="tests.test_bot" name="test_initial_sl_tp_enforces_configured_reward_risk_floor" time="0.001" /><testcase classname="tests.test_bot" name="test_trailing_profit_lock_is_not_treated_as_initial_risk" time="0.001" /><testcase classname="tests.test_bot" name="test_trade_history_counts_only_classified_stop_losses" time="0.002" /><testcase classname="tests.test_bot" name="test_pullback_reversal_requires_a_closed_candle_after_touch" time="0.005" /><testcase classname="tests.test_bot" name="test_expired_pullback_blocks_same_breakout_until_kc_resets" time="0.001"><failure message="AttributeError: 'TradingEngine' object has no attribute '_expired_pullback_still_active'">tests/test_bot.py:2760: in test_expired_pullback_blocks_same_breakout_until_kc_resets
    ) is True
E   AttributeError: 'TradingEngine' object has no attribute '_expired_pullback_still_active'</failure></testcase><testcase classname="tests.test_bot" name="test_pullback_candidate_pool_keeps_highest_score_and_quality" time="0.002"><failure message="AttributeError: 'TradingEngine' object has no attribute '_admit_pullback_candidates'. Did you mean: '_drop_pullback_candidate'?">tests/test_bot.py:2836: in test_pullback_candidate_pool_keeps_highest_score_and_quality
    engine._admit_pullback_candidates(signals, available_balance=100.0, now=1000.0)
E   AttributeError: 'TradingEngine' object has no attribute '_admit_pullback_candidates'. Did you mean: '_drop_pullback_candidate'?</failure></testcase><testcase classname="tests.test_bot" name="test_90_plus_candidate_uses_current_price_maker_mode" time="0.002"><failure message="AttributeError: 'TradingEngine' object has no attribute '_admit_pullback_candidates'. Did you mean: '_drop_pullback_candidate'?">tests/test_bot.py:2871: in test_90_plus_candidate_uses_current_price_maker_mode
    engine._admit_pullback_candidates(
E   AttributeError: 'TradingEngine' object has no attribute '_admit_pullback_candidates'. Did you mean: '_drop_pullback_candidate'?</failure></testcase><testcase classname="tests.test_bot" name="test_btc_contrary_candidate_uses_half_position" time="0.001"><failure message="AttributeError: 'TradingEngine' object has no attribute '_admit_pullback_candidates'. Did you mean: '_drop_pullback_candidate'?">tests/test_bot.py:2965: in test_btc_contrary_candidate_uses_half_position
    engine._admit_pullback_candidates(
E   AttributeError: 'TradingEngine' object has no attribute '_admit_pullback_candidates'. Did you mean: '_drop_pullback_candidate'?</failure></testcase><testcase classname="tests.test_bot" name="test_structured_pullback_allows_low_room_small_limit_when_signal_is_strong" time="0.006" /><testcase classname="tests.test_bot" name="test_structured_short_near_recent_high_requires_reversal_confirmation" time="0.006" /><testcase classname="tests.test_bot" name="test_structured_short_rejects_bullish_divergence_near_recent_low" time="0.004" /><testcase classname="tests.test_bot" name="test_limit_order_stays_on_maker_side_for_buy_and_short" time="0.002" /><testcase classname="tests.test_bot" name="test_maker_limit_offset_uses_timeframe_specific_factor" time="0.001" /><testcase classname="tests.test_bot" name="test_flat_left_side_is_not_mislabeled_as_fast_peak" time="0.005"><failure message="AssertionError: assert 'WAIT_FULL_KC_WAVE' == 'WAIT_MA_NOISE'&#10;  &#10;  - WAIT_MA_NOISE&#10;  + WAIT_FULL_KC_WAVE">tests/test_bot.py:3508: in test_flat_left_side_is_not_mislabeled_as_fast_peak
    assert result["entry_type"] == "WAIT_MA_NOISE"
E   AssertionError: assert 'WAIT_FULL_KC_WAVE' == 'WAIT_MA_NOISE'
E     
E     - WAIT_MA_NOISE
E     + WAIT_FULL_KC_WAVE</failure></testcase><testcase classname="tests.test_bot" name="test_trough_between_middle_and_upper_waits_until_green_crosses_upper" time="0.004" /><testcase classname="tests.test_bot" name="test_peak_requires_at_least_one_full_kc_width_of_upward_travel" time="0.004" /><testcase classname="tests.test_bot" name="test_old_large_move_cannot_validate_a_new_shallow_peak" time="0.003" /><testcase classname="tests.test_bot" name="test_incomplete_peak_wave_never_becomes_short_reversal" time="0.004" /><testcase classname="tests.test_bot" name="test_complete_peak_wave_reverses_only_after_red_close_crosses_next_rail" time="0.006"><failure message="AssertionError: assert None == 'SHORT'">tests/test_bot.py:3579: in test_complete_peak_wave_reverses_only_after_red_close_crosses_next_rail
    assert result["signal"] == "SHORT"
E   AssertionError: assert None == 'SHORT'</failure></testcase><testcase classname="tests.test_bot" name="test_latest_closed_candle_can_confirm_peak_without_one_bar_delay" time="0.005"><failure message="AssertionError: assert None == 'SHORT'">tests/test_bot.py:3591: in test_latest_closed_candle_can_confirm_peak_without_one_bar_delay
    assert result["signal"] == "SHORT"
E   AssertionError: assert None == 'SHORT'</failure></testcase><testcase classname="tests.test_bot" name="test_latest_closed_candle_can_confirm_trough_without_one_bar_delay" time="0.006"><failure message="AssertionError: assert None == 'LONG'">tests/test_bot.py:3616: in test_latest_closed_candle_can_confirm_trough_without_one_bar_delay
    assert result["signal"] == "LONG"
E   AssertionError: assert None == 'LONG'</failure></testcase><testcase classname="tests.test_bot" name="test_two_closed_bars_can_confirm_peak_after_nearly_flat_first_turn" time="0.006"><failure message="AssertionError: assert None == 'SHORT'">tests/test_bot.py:3629: in test_two_closed_bars_can_confirm_peak_after_nearly_flat_first_turn
    assert result["signal"] == "SHORT"
E   AssertionError: assert None == 'SHORT'</failure></testcase><testcase classname="tests.test_bot" name="test_long_outside_upper_rail_blocks_red_candle_until_kc_middle" time="0.007" /><testcase classname="tests.test_bot" name="test_short_outside_lower_rail_blocks_green_candle_until_kc_middle" time="0.006" /><testcase classname="tests.test_bot" name="test_outer_run_requires_two_outside_closes_ma3_and_ma15_alignment[LONG-closes0]" time="0.003" /><testcase classname="tests.test_bot" name="test_outer_run_requires_two_outside_closes_ma3_and_ma15_alignment[SHORT-closes1]" time="0.003" /><testcase classname="tests.test_bot" name="test_outer_run_ignores_opposite_candle_outside_and_exits_when_it_closes_inside[LONG-candle0-True]" time="0.003" /><testcase classname="tests.test_bot" name="test_outer_run_ignores_opposite_candle_outside_and_exits_when_it_closes_inside[LONG-candle1-False]" time="0.003" /><testcase classname="tests.test_bot" name="test_outer_run_ignores_opposite_candle_outside_and_exits_when_it_closes_inside[SHORT-candle2-True]" time="0.003" /><testcase classname="tests.test_bot" name="test_outer_run_ignores_opposite_candle_outside_and_exits_when_it_closes_inside[SHORT-candle3-False]" time="0.003" /><testcase classname="tests.test_bot" name="test_outer_run_upper_peak_red_close_inside_needs_no_middle_volume_or_full_wave" time="0.003" /><testcase classname="tests.test_bot" name="test_outer_run_same_closed_bar_keeps_waiting_for_second_red_candle" time="0.002"><failure message="ValueError: not enough values to unpack (expected 3, got 2)">tests/test_bot.py:3767: in test_outer_run_same_closed_bar_keeps_waiting_for_second_red_candle
    status, _reason, bar_id = TradingEngine._outer_run_second_candle_status(
E   ValueError: not enough values to unpack (expected 3, got 2)</failure></testcase><testcase classname="tests.test_bot" name="test_outer_run_second_red_close_confirms_short_for_third_candle" time="0.002"><failure message="ValueError: not enough values to unpack (expected 3, got 2)">tests/test_bot.py:3780: in test_outer_run_second_red_close_confirms_short_for_third_candle
    status, reason, bar_id = TradingEngine._outer_run_second_candle_status(
E   ValueError: not enough values to unpack (expected 3, got 2)</failure></testcase><testcase classname="tests.test_bot" name="test_outer_run_second_green_close_confirms_long_for_third_candle" time="0.002"><failure message="ValueError: not enough values to unpack (expected 3, got 2)">tests/test_bot.py:3794: in test_outer_run_second_green_close_confirms_long_for_third_candle
    status, reason, bar_id = TradingEngine._outer_run_second_candle_status(
E   ValueError: not enough values to unpack (expected 3, got 2)</failure></testcase><testcase classname="tests.test_bot" name="test_outer_run_second_green_must_continue_higher_to_open_long" time="0.002"><failure message="ValueError: not enough values to unpack (expected 3, got 2)">tests/test_bot.py:3808: in test_outer_run_second_green_must_continue_higher_to_open_long
    status, reason, _bar_id = TradingEngine._outer_run_second_candle_status(
E   ValueError: not enough values to unpack (expected 3, got 2)</failure></testcase><testcase classname="tests.test_bot" name="test_outer_run_invalid_second_candle_cancels_short[candle0]" time="0.002"><failure message="ValueError: not enough values to unpack (expected 3, got 2)">tests/test_bot.py:3826: in test_outer_run_invalid_second_candle_cancels_short
    status, reason, _bar_id = TradingEngine._outer_run_second_candle_status(
E   ValueError: not enough values to unpack (expected 3, got 2)</failure></testcase><testcase classname="tests.test_bot" name="test_outer_run_invalid_second_candle_cancels_short[candle1]" time="0.002"><failure message="ValueError: not enough values to unpack (expected 3, got 2)">tests/test_bot.py:3826: in test_outer_run_invalid_second_candle_cancels_short
    status, reason, _bar_id = TradingEngine._outer_run_second_candle_status(
E   ValueError: not enough values to unpack (expected 3, got 2)</failure></testcase><testcase classname="tests.test_bot" name="test_outer_run_invalid_second_candle_cancels_short[candle2]" time="0.002"><failure message="ValueError: not enough values to unpack (expected 3, got 2)">tests/test_bot.py:3826: in test_outer_run_invalid_second_candle_cancels_short
    status, reason, _bar_id = TradingEngine._outer_run_second_candle_status(
E   ValueError: not enough values to unpack (expected 3, got 2)</failure></testcase><testcase classname="tests.test_bot" name="test_two_bar_structure_failure_exit_is_symmetric" time="0.011"><failure message="AssertionError: assert False is True&#10; +  where False = &lt;function two_bar_structure_failure_exit at 0x7dc47924ea20&gt;(   close    ma3   ma15  ema_20  kc_upper  kc_lower\n0  100.0   99.0  100.0   100.0     102.0      98.0\n1  102.0  100.0  100.2   100.3     102.3      98.3\n2  103.0  101.0  100.4   100.6     102.6      98.6, 'SHORT')&#10; +    where &lt;function two_bar_structure_failure_exit at 0x7dc47924ea20&gt; = TradingEngine._two_bar_structure_failure_exit">tests/test_bot.py:3843: in test_two_bar_structure_failure_exit_is_symmetric
    assert TradingEngine._two_bar_structure_failure_exit(rising, "SHORT") is True
E   AssertionError: assert False is True
E    +  where False = &lt;function two_bar_structure_failure_exit at 0x7dc47924ea20&gt;(   close    ma3   ma15  ema_20  kc_upper  kc_lower\n0  100.0   99.0  100.0   100.0     102.0      98.0\n1  102.0  100.0  100.2   100.3     102.3      98.3\n2  103.0  101.0  100.4   100.6     102.6      98.6, 'SHORT')
E    +    where &lt;function two_bar_structure_failure_exit at 0x7dc47924ea20&gt; = TradingEngine._two_bar_structure_failure_exit</failure></testcase><testcase classname="tests.test_bot" name="test_adverse_kc_outer_break_is_directional" time="0.001" /><testcase classname="tests.test_bot" name="test_confirmed_outer_reversal_rejects_kc_inner_peak_and_wrong_direction" time="0.002"><failure message="TypeError: confirmed_outer_reversal() takes 2 positional arguments but 3 were given">tests/test_bot.py:3888: in test_confirmed_outer_reversal_rejects_kc_inner_peak_and_wrong_direction
    assert TradingEngine._confirmed_outer_reversal("LONG", peak, frame) is False
E   TypeError: confirmed_outer_reversal() takes 2 positional arguments but 3 were given</failure></testcase><testcase classname="tests.test_bot" name="test_confirmed_outer_reversal_requires_closed_confirmed_pivot" time="0.002"><failure message="TypeError: confirmed_outer_reversal() takes 2 positional arguments but 3 were given">tests/test_bot.py:3907: in test_confirmed_outer_reversal_requires_closed_confirmed_pivot
    assert TradingEngine._confirmed_outer_reversal("LONG", waiting, frame) is False
E   TypeError: confirmed_outer_reversal() takes 2 positional arguments but 3 were given</failure></testcase><testcase classname="tests.test_bot" name="test_matching_exit_pivot_uses_peak_for_long_and_trough_for_short" time="0.002" /><testcase classname="tests.test_bot" name="test_outer_run_one_usdt_protection_arms_only_after_matching_peak_or_trough" time="0.001" /><testcase classname="tests.test_bot" name="test_strong_burst_live_entry_rejects_price_back_near_middle" time="0.002"><failure message="AttributeError: 'dict' object has no attribute 'empty'">tests/test_bot.py:3976: in test_strong_burst_live_entry_rejects_price_back_near_middle
    assert TradingEngine._strong_burst_live_entry_is_valid(burst, frame, 100.2) is False
core/services/pivot_service.py:28: in strong_burst_live_entry_is_valid
    if frame is None or frame.empty:
E   AttributeError: 'dict' object has no attribute 'empty'</failure></testcase><testcase classname="tests.test_bot" name="test_trailing_atr_prefers_live_trigger_and_rejects_near_zero_saved_value" time="0.035"><failure message="TypeError: resolve_trailing_atr() takes 3 positional arguments but 4 were given">tests/test_bot.py:3983: in test_trailing_atr_prefers_live_trigger_and_rejects_near_zero_saved_value
    assert engine._resolve_trailing_atr(
E   TypeError: resolve_trailing_atr() takes 3 positional arguments but 4 were given</failure></testcase><testcase classname="tests.test_bot" name="test_general_position_waits_for_confirmed_pivot_before_exit[LONG-101.0-100.0-False]" time="0.002"><failure message="TypeError: opposite_closed_candle_exit() takes 2 positional arguments but 4 were given">tests/test_bot.py:4009: in test_general_position_waits_for_confirmed_pivot_before_exit
    assert TradingEngine._opposite_closed_candle_exit(
E   TypeError: opposite_closed_candle_exit() takes 2 positional arguments but 4 were given</failure></testcase><testcase classname="tests.test_bot" name="test_general_position_waits_for_confirmed_pivot_before_exit[LONG-100.0-101.0-False]" time="0.002"><failure message="TypeError: opposite_closed_candle_exit() takes 2 positional arguments but 4 were given">tests/test_bot.py:4009: in test_general_position_waits_for_confirmed_pivot_before_exit
    assert TradingEngine._opposite_closed_candle_exit(
E   TypeError: opposite_closed_candle_exit() takes 2 positional arguments but 4 were given</failure></testcase><testcase classname="tests.test_bot" name="test_general_position_waits_for_confirmed_pivot_before_exit[SHORT-100.0-101.0-False]" time="0.002"><failure message="TypeError: opposite_closed_candle_exit() takes 2 positional arguments but 4 were given">tests/test_bot.py:4009: in test_general_position_waits_for_confirmed_pivot_before_exit
    assert TradingEngine._opposite_closed_candle_exit(
E   TypeError: opposite_closed_candle_exit() takes 2 positional arguments but 4 were given</failure></testcase><testcase classname="tests.test_bot" name="test_general_position_waits_for_confirmed_pivot_before_exit[SHORT-101.0-100.0-False]" time="0.002"><failure message="TypeError: opposite_closed_candle_exit() takes 2 positional arguments but 4 were given">tests/test_bot.py:4009: in test_general_position_waits_for_confirmed_pivot_before_exit
    assert TradingEngine._opposite_closed_candle_exit(
E   TypeError: opposite_closed_candle_exit() takes 2 positional arguments but 4 were given</failure></testcase><testcase classname="tests.test_bot" name="test_opposite_candle_never_exits_before_confirmed_pivot[LONG-opens0-closes0-ma30-False]" time="0.002"><failure message="TypeError: opposite_closed_candle_exit() takes 2 positional arguments but 4 were given">tests/test_bot.py:4040: in test_opposite_candle_never_exits_before_confirmed_pivot
    assert TradingEngine._opposite_closed_candle_exit(
E   TypeError: opposite_closed_candle_exit() takes 2 positional arguments but 4 were given</failure></testcase><testcase classname="tests.test_bot" name="test_opposite_candle_never_exits_before_confirmed_pivot[SHORT-opens1-closes1-ma31-False]" time="0.002"><failure message="TypeError: opposite_closed_candle_exit() takes 2 positional arguments but 4 were given">tests/test_bot.py:4040: in test_opposite_candle_never_exits_before_confirmed_pivot
    assert TradingEngine._opposite_closed_candle_exit(
E   TypeError: opposite_closed_candle_exit() takes 2 positional arguments but 4 were given</failure></testcase><testcase classname="tests.test_bot" name="test_opposite_candle_never_exits_before_confirmed_pivot[LONG-opens2-closes2-ma32-False]" time="0.003"><failure message="TypeError: opposite_closed_candle_exit() takes 2 positional arguments but 4 were given">tests/test_bot.py:4040: in test_opposite_candle_never_exits_before_confirmed_pivot
    assert TradingEngine._opposite_closed_candle_exit(
E   TypeError: opposite_closed_candle_exit() takes 2 positional arguments but 4 were given</failure></testcase><testcase classname="tests.test_bot" name="test_opposite_candle_never_exits_before_confirmed_pivot[SHORT-opens3-closes3-ma33-False]" time="0.003"><failure message="TypeError: opposite_closed_candle_exit() takes 2 positional arguments but 4 were given">tests/test_bot.py:4040: in test_opposite_candle_never_exits_before_confirmed_pivot
    assert TradingEngine._opposite_closed_candle_exit(
E   TypeError: opposite_closed_candle_exit() takes 2 positional arguments but 4 were given</failure></testcase><testcase classname="tests.test_bot" name="test_opposite_candle_never_exits_before_confirmed_pivot[LONG-opens4-closes4-ma34-True]" time="0.003"><failure message="TypeError: opposite_closed_candle_exit() takes 2 positional arguments but 4 were given">tests/test_bot.py:4040: in test_opposite_candle_never_exits_before_confirmed_pivot
    assert TradingEngine._opposite_closed_candle_exit(
E   TypeError: opposite_closed_candle_exit() takes 2 positional arguments but 4 were given</failure></testcase><testcase classname="tests.test_bot" name="test_opposite_candle_never_exits_before_confirmed_pivot[LONG-opens5-closes5-ma35-True]" time="0.002"><failure message="TypeError: opposite_closed_candle_exit() takes 2 positional arguments but 4 were given">tests/test_bot.py:4040: in test_opposite_candle_never_exits_before_confirmed_pivot
    assert TradingEngine._opposite_closed_candle_exit(
E   TypeError: opposite_closed_candle_exit() takes 2 positional arguments but 4 were given</failure></testcase><testcase classname="tests.test_bot" name="test_opposite_candle_never_exits_before_confirmed_pivot[LONG-opens6-closes6-ma36-True]" time="0.002"><failure message="TypeError: opposite_closed_candle_exit() takes 2 positional arguments but 4 were given">tests/test_bot.py:4040: in test_opposite_candle_never_exits_before_confirmed_pivot
    assert TradingEngine._opposite_closed_candle_exit(
E   TypeError: opposite_closed_candle_exit() takes 2 positional arguments but 4 were given</failure></testcase><testcase classname="tests.test_bot" name="test_opposite_candle_never_exits_before_confirmed_pivot[SHORT-opens7-closes7-ma37-True]" time="0.002"><failure message="TypeError: opposite_closed_candle_exit() takes 2 positional arguments but 4 were given">tests/test_bot.py:4040: in test_opposite_candle_never_exits_before_confirmed_pivot
    assert TradingEngine._opposite_closed_candle_exit(
E   TypeError: opposite_closed_candle_exit() takes 2 positional arguments but 4 were given</failure></testcase><testcase classname="tests.test_bot" name="test_opposite_candle_never_exits_before_confirmed_pivot[SHORT-opens8-closes8-ma38-True]" time="0.002"><failure message="TypeError: opposite_closed_candle_exit() takes 2 positional arguments but 4 were given">tests/test_bot.py:4040: in test_opposite_candle_never_exits_before_confirmed_pivot
    assert TradingEngine._opposite_closed_candle_exit(
E   TypeError: opposite_closed_candle_exit() takes 2 positional arguments but 4 were given</failure></testcase><testcase classname="tests.test_bot" name="test_opposite_candle_never_exits_before_confirmed_pivot[SHORT-opens9-closes9-ma39-True]" time="0.002"><failure message="TypeError: opposite_closed_candle_exit() takes 2 positional arguments but 4 were given">tests/test_bot.py:4040: in test_opposite_candle_never_exits_before_confirmed_pivot
    assert TradingEngine._opposite_closed_candle_exit(
E   TypeError: opposite_closed_candle_exit() takes 2 positional arguments but 4 were given</failure></testcase><testcase classname="tests.test_bot" name="test_range_swing_reverses_at_confirmed_high_and_low_but_not_outer_run" time="0.001"><failure message="TypeError: range_swing_reverse_side() takes 1 positional argument but 4 were given">tests/test_bot.py:4046: in test_range_swing_reverses_at_confirmed_high_and_low_but_not_outer_run
    assert TradingEngine._range_swing_reverse_side(
E   TypeError: range_swing_reverse_side() takes 1 positional argument but 4 were given</failure></testcase><testcase classname="tests.test_bot" name="test_strong_trend_waits_through_new_high_and_exits_after_two_bar_fade" time="0.005" /><testcase classname="tests.test_bot" name="test_two_closed_bearish_trend_bars_protectively_exit_long" time="0.003" /><testcase classname="tests.test_bot" name="test_one_opposite_bar_does_not_trigger_protective_exit" time="0.003" /><testcase classname="tests.test_bot" name="test_two_bar_protective_exit_cannot_bypass_strict_pivot_filters[WAIT_MA_NOISE]" time="0.001" /><testcase classname="tests.test_bot" name="test_two_bar_protective_exit_cannot_bypass_strict_pivot_filters[WAIT_FULL_KC_WAVE]" time="0.001" /><testcase classname="tests.test_bot" name="test_two_bar_protective_exit_cannot_bypass_strict_pivot_filters[WAIT_NEXT_KC_BAND]" time="0.001" /><testcase classname="tests.test_bot" name="test_two_bar_protective_exit_allows_valid_opposite_structure" time="0.001" /><testcase classname="tests.test_bot" name="test_wave_regime_requires_three_closed_bars_and_uses_hysteresis" time="0.003" /><testcase classname="tests.test_bot" name="test_confirmed_pivot_can_reverse_before_ma15_cross" time="0.014"><failure message="AssertionError: assert True is False&#10; +  where True = &lt;bound method TradingEngine._ma3_ma15_entry_allowed of &lt;core.engine.TradingEngine object at 0x7dc402f52b10&gt;&gt;('TEST/USDT', 'LONG',     open   high   low  close   ma3   ma15  atr\n0   99.0  100.0  98.0   99.0  99.0  100.0  1.0\n1   99.0  100.0  98.0   ...   99.0  99.4  100.0  1.0\n18  99.0  100.0  98.0   99.0  99.0  100.0  1.0\n19  99.0  100.0  98.0   99.0  99.2  100.0  1.0, log_on_fail=False, entry_type='TREND_LONG')&#10; +    where &lt;bound method TradingEngine._ma3_ma15_entry_allowed of &lt;core.engine.TradingEngine object at 0x7dc402f52b10&gt;&gt; = &lt;core.engine.TradingEngine object at 0x7dc402f52b10&gt;._ma3_ma15_entry_allowed">tests/test_bot.py:4381: in test_confirmed_pivot_can_reverse_before_ma15_cross
    assert engine._ma3_ma15_entry_allowed(
E   AssertionError: assert True is False
E    +  where True = &lt;bound method TradingEngine._ma3_ma15_entry_allowed of &lt;core.engine.TradingEngine object at 0x7dc402f52b10&gt;&gt;('TEST/USDT', 'LONG',     open   high   low  close   ma3   ma15  atr\n0   99.0  100.0  98.0   99.0  99.0  100.0  1.0\n1   99.0  100.0  98.0   ...   99.0  99.4  100.0  1.0\n18  99.0  100.0  98.0   99.0  99.0  100.0  1.0\n19  99.0  100.0  98.0   99.0  99.2  100.0  1.0, log_on_fail=False, entry_type='TREND_LONG')
E    +    where &lt;bound method TradingEngine._ma3_ma15_entry_allowed of &lt;core.engine.TradingEngine object at 0x7dc402f52b10&gt;&gt; = &lt;core.engine.TradingEngine object at 0x7dc402f52b10&gt;._ma3_ma15_entry_allowed</failure></testcase><testcase classname="tests.test_bot" name="test_ma3_ma15_limit_target_uses_recent_low_for_long_and_high_for_short" time="0.003" /><testcase classname="tests.test_bot" name="test_continuous_entry_opens_long_and_short_at_market" time="0.002"><failure message="AttributeError: 'TradingEngine' object has no attribute '_place_continuous_market_entry'">tests/test_bot.py:4449: in test_continuous_entry_opens_long_and_short_at_market
    ))
E   AttributeError: 'TradingEngine' object has no attribute '_place_continuous_market_entry'</failure></testcase><testcase classname="tests.test_bot" name="test_continuous_entry_checks_current_symbol_trend_only_in_range" time="0.002"><failure message="AttributeError: 'TradingEngine' object has no attribute '_place_continuous_market_entry'">tests/test_bot.py:4509: in test_continuous_entry_checks_current_symbol_trend_only_in_range
    ))
E   AttributeError: 'TradingEngine' object has no attribute '_place_continuous_market_entry'</failure></testcase><testcase classname="tests.test_bot" name="test_continuous_market_mode_uses_1000pepe_trend_not_btc" time="0.002"><failure message="AssertionError: assert 'TREND' == 'BULL'&#10;  &#10;  - BULL&#10;  + TREND">tests/test_bot.py:4526: in test_continuous_market_mode_uses_1000pepe_trend_not_btc
    assert engine._continuous_market_mode_for(
E   AssertionError: assert 'TREND' == 'BULL'
E     
E     - BULL
E     + TREND</failure></testcase><testcase classname="tests.test_bot" name="test_continuous_entry_rejects_directional_kc_extremes" time="0.002" /><testcase classname="tests.test_bot" name="test_ma3_below_ma15_does_not_open_short_while_still_rising" time="0.004"><failure message="AssertionError: assert 'WAIT' == 'BELOW'&#10;  &#10;  - BELOW&#10;  + WAIT">tests/test_bot.py:4564: in test_ma3_below_ma15_does_not_open_short_while_still_rising
    assert result["ma_alignment"] == "BELOW"
E   AssertionError: assert 'WAIT' == 'BELOW'
E     
E     - BELOW
E     + WAIT</failure></testcase><testcase classname="tests.test_bot" name="test_ma3_below_ma15_waits_when_decline_only_slows" time="0.004" /><testcase classname="tests.test_bot" name="test_weak_trough_near_kc_middle_does_not_reverse" time="0.003" /><testcase classname="tests.test_bot" name="test_ma3_trough_far_from_kc_middle_and_ma15_can_reverse" time="0.005"><failure message="AssertionError: assert None == 'LONG'">tests/test_bot.py:4591: in test_ma3_trough_far_from_kc_middle_and_ma15_can_reverse
    assert result["signal"] == "LONG"
E   AssertionError: assert None == 'LONG'</failure></testcase><testcase classname="tests.test_bot" name="test_strong_trough_near_kc_middle_does_not_reverse" time="0.005"><failure message="AssertionError: assert 'WAIT_FULL_KC_WAVE' == 'WAIT_MA_NOISE'&#10;  &#10;  - WAIT_MA_NOISE&#10;  + WAIT_FULL_KC_WAVE">tests/test_bot.py:4603: in test_strong_trough_near_kc_middle_does_not_reverse
    assert result["entry_type"] == "WAIT_MA_NOISE"
E   AssertionError: assert 'WAIT_FULL_KC_WAVE' == 'WAIT_MA_NOISE'
E     
E     - WAIT_MA_NOISE
E     + WAIT_FULL_KC_WAVE</failure></testcase><testcase classname="tests.test_bot" name="test_trough_body_crossing_lower_rail_still_waits_for_full_body_inside" time="0.005"><failure message="AssertionError: assert 'WAIT_FULL_KC_WAVE' == 'WAIT_NEXT_KC_BAND'&#10;  &#10;  - WAIT_NEXT_KC_BAND&#10;  + WAIT_FULL_KC_WAVE">tests/test_bot.py:4614: in test_trough_body_crossing_lower_rail_still_waits_for_full_body_inside
    assert result["entry_type"] == "WAIT_NEXT_KC_BAND"
E   AssertionError: assert 'WAIT_FULL_KC_WAVE' == 'WAIT_NEXT_KC_BAND'
E     
E     - WAIT_NEXT_KC_BAND
E     + WAIT_FULL_KC_WAVE</failure></testcase><testcase classname="tests.test_bot" name="test_trough_full_green_body_inside_lower_rail_can_reverse" time="0.006"><failure message="AssertionError: assert None == 'LONG'">tests/test_bot.py:4624: in test_trough_full_green_body_inside_lower_rail_can_reverse
    assert result["signal"] == "LONG"
E   AssertionError: assert None == 'LONG'</failure></testcase><testcase classname="tests.test_bot" name="test_strong_peak_near_kc_middle_does_not_reverse" time="0.004"><failure message="AssertionError: assert 'WAIT_FULL_KC_WAVE' == 'WAIT_MA_NOISE'&#10;  &#10;  - WAIT_MA_NOISE&#10;  + WAIT_FULL_KC_WAVE">tests/test_bot.py:4634: in test_strong_peak_near_kc_middle_does_not_reverse
    assert result["entry_type"] == "WAIT_MA_NOISE"
E   AssertionError: assert 'WAIT_FULL_KC_WAVE' == 'WAIT_MA_NOISE'
E     
E     - WAIT_MA_NOISE
E     + WAIT_FULL_KC_WAVE</failure></testcase><testcase classname="tests.test_bot" name="test_one_atr_red_candle_does_not_bypass_full_wave_confirmation" time="0.006" /><testcase classname="tests.test_bot" name="test_deep_closed_red_candle_does_not_bypass_ma15_confirmation" time="0.004" /><testcase classname="tests.test_bot" name="test_deep_closed_green_candle_does_not_bypass_ma15_confirmation" time="0.004" /><testcase classname="tests.test_bot" name="test_shallow_cross_near_ma15_still_waits_instead_of_forcing_reversal" time="0.005"><failure message="AssertionError: assert 'WAIT_FULL_KC_WAVE' == 'WAIT_MA_NOISE'&#10;  &#10;  - WAIT_MA_NOISE&#10;  + WAIT_FULL_KC_WAVE">tests/test_bot.py:4683: in test_shallow_cross_near_ma15_still_waits_instead_of_forcing_reversal
    assert result["entry_type"] == "WAIT_MA_NOISE"
E   AssertionError: assert 'WAIT_FULL_KC_WAVE' == 'WAIT_MA_NOISE'
E     
E     - WAIT_MA_NOISE
E     + WAIT_FULL_KC_WAVE</failure></testcase><testcase classname="tests.test_bot" name="test_true_trough_near_ma15_does_not_reverse" time="0.004"><failure message="AssertionError: assert 'WAIT_FULL_KC_WAVE' == 'WAIT_MA_NOISE'&#10;  &#10;  - WAIT_MA_NOISE&#10;  + WAIT_FULL_KC_WAVE">tests/test_bot.py:4694: in test_true_trough_near_ma15_does_not_reverse
    assert result["entry_type"] == "WAIT_MA_NOISE"
E   AssertionError: assert 'WAIT_FULL_KC_WAVE' == 'WAIT_MA_NOISE'
E     
E     - WAIT_MA_NOISE
E     + WAIT_FULL_KC_WAVE</failure></testcase><testcase classname="tests.test_bot" name="test_v_reversal_inside_upper_rail_waits_for_full_confirmation" time="0.010" /><testcase classname="tests.test_bot" name="test_ma3_above_ma15_does_not_open_long_while_still_falling" time="0.004"><failure message="AssertionError: assert 'WAIT' == 'ABOVE'&#10;  &#10;  - ABOVE&#10;  + WAIT">tests/test_bot.py:4724: in test_ma3_above_ma15_does_not_open_long_while_still_falling
    assert result["ma_alignment"] == "ABOVE"
E   AssertionError: assert 'WAIT' == 'ABOVE'
E     
E     - ABOVE
E     + WAIT</failure></testcase><testcase classname="tests.test_bot" name="test_ma3_above_ma15_opens_long_while_rise_only_slows" time="0.003" /><testcase classname="tests.test_bot" name="test_ma3_above_ma15_peak_turns_down_instead_of_opening_long" time="0.005"><failure message="AssertionError: assert None == 'SHORT'">tests/test_bot.py:4742: in test_ma3_above_ma15_peak_turns_down_instead_of_opening_long
    assert result["signal"] == "SHORT"
E   AssertionError: assert None == 'SHORT'</failure></testcase><testcase classname="tests.test_bot" name="test_ma3_equal_ma15_waits_for_direction" time="0.003" /><testcase classname="tests.test_bot" name="test_ma3_small_move_above_ma15_does_not_open_or_reverse" time="0.003" /><testcase classname="tests.test_bot" name="test_ma3_small_move_below_ma15_does_not_open_or_reverse" time="0.003" /><testcase classname="tests.test_bot" name="test_ma3_small_range_far_above_ma15_does_not_open_long" time="0.003" /><testcase classname="tests.test_bot" name="test_ma3_small_range_far_below_ma15_does_not_open_short" time="0.003" /><testcase classname="tests.test_bot" name="test_small_peak_crossing_below_ma15_keeps_direction" time="0.003" /><testcase classname="tests.test_bot" name="test_small_trough_crossing_above_ma15_keeps_direction" time="0.003" /><testcase classname="tests.test_bot" name="test_dynamic_adx_floor[1-closes0-10.0]" time="0.003" /><testcase classname="tests.test_bot" name="test_dynamic_adx_floor[-1-closes1-10.0]" time="0.003" /><testcase classname="tests.test_bot" name="test_dynamic_adx_floor[1-closes2-25.0]" time="0.003"><failure message="assert 12.0 == 25.0 ± 2.5e-05&#10;  &#10;  comparison failed&#10;  Obtained: 12.0&#10;  Expected: 25.0 ± 2.5e-05">tests/test_bot.py:4827: in test_dynamic_adx_floor
    assert floor == pytest.approx(expected_floor)
E   assert 12.0 == 25.0 ± 2.5e-05
E     
E     comparison failed
E     Obtained: 12.0
E     Expected: 25.0 ± 2.5e-05</failure></testcase><testcase classname="tests.test_bot" name="test_drop_unclosed_candle_excludes_live_entry_bar" time="0.002" /><testcase classname="tests.test_bot" name="test_compute_indicators_includes_ma3" time="0.024" /><testcase classname="tests.test_bot" name="test_pivot_turn_entry_filters_restore_kc_rsi_and_volume" time="0.004" /><testcase classname="tests.test_bot" name="test_exhaustion_sniper_requires_all_four_conditions_and_enters_market[LONG]" time="0.003" /><testcase classname="tests.test_bot" name="test_exhaustion_sniper_requires_all_four_conditions_and_enters_market[SHORT]" time="0.003" /><testcase classname="tests.test_bot" name="test_exhaustion_sniper_does_not_stitch_conditions_from_different_bars" time="0.003" /><testcase classname="tests.test_bot" name="test_exhaustion_sniper_volume_must_be_strictly_above_one_point_five" time="0.003" /><testcase classname="tests.test_bot" name="test_exhaustion_sniper_rejects_non_strict_ma3_turn" time="0.003" /><testcase classname="tests.test_bot" name="test_ma5_score_baseline_does_not_rise_with_entry_threshold" time="0.000"><skipped type="pytest.skip" message="obsolete MA5/exit logic">/tmp/red-eye-673d0c7-0jwunhws/tests/test_bot.py:4987: obsolete MA5/exit logic</skipped></testcase><testcase classname="tests.test_bot" name="test_detect_ma5_reversal_long" time="0.000"><skipped type="pytest.skip" message="obsolete MA5/exit logic">/tmp/red-eye-673d0c7-0jwunhws/tests/test_bot.py:4997: obsolete MA5/exit logic</skipped></testcase><testcase classname="tests.test_bot" name="test_detect_ma5_reversal_requires_two_closed_bars_after_turn" time="0.000"><skipped type="pytest.skip" message="obsolete MA5/exit logic">/tmp/red-eye-673d0c7-0jwunhws/tests/test_bot.py:5010: obsolete MA5/exit logic</skipped></testcase><testcase classname="tests.test_bot" name="test_detect_ma5_reversal_rejects_tiny_closed_turn" time="0.000"><skipped type="pytest.skip" message="obsolete MA5/exit logic">/tmp/red-eye-673d0c7-0jwunhws/tests/test_bot.py:5022: obsolete MA5/exit logic</skipped></testcase><testcase classname="tests.test_bot" name="test_detect_ma5_reversal_fast_entry_on_closed_micro_turn_with_volume" time="0.000"><skipped type="pytest.skip" message="obsolete MA5/exit logic">/tmp/red-eye-673d0c7-0jwunhws/tests/test_bot.py:5034: obsolete MA5/exit logic</skipped></testcase><testcase classname="tests.test_bot" name="test_detect_ma5_reversal_uses_configured_dynamic_atr_floor" time="0.000"><skipped type="pytest.skip" message="obsolete MA5/exit logic">/tmp/red-eye-673d0c7-0jwunhws/tests/test_bot.py:5051: obsolete MA5/exit logic</skipped></testcase><testcase classname="tests.test_bot" name="test_detect_ma5_reversal_fast_entry_rejects_low_volume" time="0.000"><skipped type="pytest.skip" message="obsolete MA5/exit logic">/tmp/red-eye-673d0c7-0jwunhws/tests/test_bot.py:5079: obsolete MA5/exit logic</skipped></testcase><testcase classname="tests.test_bot" name="test_detect_ma5_reversal_fast_entry_rejects_turn_over_point_two_atr" time="0.000"><skipped type="pytest.skip" message="obsolete MA5/exit logic">/tmp/red-eye-673d0c7-0jwunhws/tests/test_bot.py:5093: obsolete MA5/exit logic</skipped></testcase><testcase classname="tests.test_bot" name="test_detect_ma5_reversal_early_long_uses_live_projection" time="0.000"><skipped type="pytest.skip" message="obsolete MA5/exit logic">/tmp/red-eye-673d0c7-0jwunhws/tests/test_bot.py:5107: obsolete MA5/exit logic</skipped></testcase><testcase classname="tests.test_bot" name="test_detect_ma5_reversal_early_short_uses_live_projection" time="0.000"><skipped type="pytest.skip" message="obsolete MA5/exit logic">/tmp/red-eye-673d0c7-0jwunhws/tests/test_bot.py:5124: obsolete MA5/exit logic</skipped></testcase><testcase classname="tests.test_bot" name="test_detect_ma5_reversal_early_rejects_turn_below_atr_buffer" time="0.000"><skipped type="pytest.skip" message="obsolete MA5/exit logic">/tmp/red-eye-673d0c7-0jwunhws/tests/test_bot.py:5140: obsolete MA5/exit logic</skipped></testcase><testcase classname="tests.test_bot" name="test_detect_ma5_pullback_long_places_bottom_limit_before_turn" time="0.000"><skipped type="pytest.skip" message="obsolete MA5/exit logic">/tmp/red-eye-673d0c7-0jwunhws/tests/test_bot.py:5157: obsolete MA5/exit logic</skipped></testcase><testcase classname="tests.test_bot" name="test_ma5_pullback_bottom_limit_does_not_wait_for_kc_touch" time="0.000"><skipped type="pytest.skip" message="obsolete MA5/exit logic">/tmp/red-eye-673d0c7-0jwunhws/tests/test_bot.py:5173: obsolete MA5/exit logic</skipped></testcase><testcase classname="tests.test_bot" name="test_detect_ma5_pullback_short_places_top_limit_before_turn" time="0.000"><skipped type="pytest.skip" message="obsolete MA5/exit logic">/tmp/red-eye-673d0c7-0jwunhws/tests/test_bot.py:5188: obsolete MA5/exit logic</skipped></testcase><testcase classname="tests.test_bot" name="test_ma5_early_timing_requires_two_consecutive_scans" time="0.001" /><testcase classname="tests.test_bot" name="test_detect_ma5_reversal_short" time="0.000"><skipped type="pytest.skip" message="obsolete MA5/exit logic">/tmp/red-eye-673d0c7-0jwunhws/tests/test_bot.py:5222: obsolete MA5/exit logic</skipped></testcase><testcase classname="tests.test_bot" name="test_detect_ma5_reversal_rejects_stale_short_peak" time="0.000"><skipped type="pytest.skip" message="obsolete MA5/exit logic">/tmp/red-eye-673d0c7-0jwunhws/tests/test_bot.py:5235: obsolete MA5/exit logic</skipped></testcase><testcase classname="tests.test_bot" name="test_detect_ma5_reversal_rejects_stale_long_trough" time="0.000"><skipped type="pytest.skip" message="obsolete MA5/exit logic">/tmp/red-eye-673d0c7-0jwunhws/tests/test_bot.py:5247: obsolete MA5/exit logic</skipped></testcase><testcase classname="tests.test_bot" name="test_detect_ma5_reversal_no_signal_flat_ma5" time="0.000"><skipped type="pytest.skip" message="obsolete MA5/exit logic">/tmp/red-eye-673d0c7-0jwunhws/tests/test_bot.py:5259: obsolete MA5/exit logic</skipped></testcase><testcase classname="tests.test_bot" name="test_detect_ma5_reversal_recency_and_dynamic_filters" time="0.000"><skipped type="pytest.skip" message="obsolete MA5/exit logic">/tmp/red-eye-673d0c7-0jwunhws/tests/test_bot.py:5287: obsolete MA5/exit logic</skipped></testcase><testcase classname="tests.test_bot" name="test_detect_ma5_reversal_contrarian_bottom_buy_disabled_on_low_atr_short" time="0.004" /><testcase classname="tests.test_bot" name="test_detect_ma5_reversal_no_contrarian_flip_without_real_bottom_shape" time="0.002" /><testcase classname="tests.test_bot" name="test_detect_ma5_reversal_no_contrarian_flip_for_long_context" time="0.003" /><testcase classname="tests.test_bot" name="test_structured_entry_prioritizes_volume_confirmed_breakout" time="0.004" /><testcase classname="tests.test_bot" name="test_structured_entry_uses_maker_for_quality_support_reversal" time="0.006"><failure message="AssertionError: {'action': 'HOLD', 'atr': 0.3, 'btc_allocation_factor': 1.0, 'btc_regime_mode': 'ALIGNED', ...}&#10;assert 'HOLD' == 'ENTER_LIMIT'&#10;  &#10;  - ENTER_LIMIT&#10;  + HOLD">tests/test_bot.py:5701: in test_structured_entry_uses_maker_for_quality_support_reversal
    assert signal["action"] == "ENTER_LIMIT", signal
E   AssertionError: {'action': 'HOLD', 'atr': 0.3, 'btc_allocation_factor': 1.0, 'btc_regime_mode': 'ALIGNED', ...}
E   assert 'HOLD' == 'ENTER_LIMIT'
E     
E     - ENTER_LIMIT
E     + HOLD</failure></testcase><testcase classname="tests.test_bot" name="test_structured_entry_allows_small_ema50_cross_but_rejects_larger_one" time="0.006"><failure message="AssertionError: assert 'HOLD' == 'ENTER_LIMIT'&#10;  &#10;  - ENTER_LIMIT&#10;  + HOLD">tests/test_bot.py:5734: in test_structured_entry_allows_small_ema50_cross_but_rejects_larger_one
    assert within_tolerance["action"] == "ENTER_LIMIT"
E   AssertionError: assert 'HOLD' == 'ENTER_LIMIT'
E     
E     - ENTER_LIMIT
E     + HOLD</failure></testcase><testcase classname="tests.test_bot" name="test_structured_entry_accepts_rsi_51_and_volume_1_20" time="0.006"><failure message="AssertionError: {'action': 'HOLD', 'atr': 0.3, 'btc_allocation_factor': 1.0, 'btc_regime_mode': 'ALIGNED', ...}&#10;assert 'HOLD' == 'ENTER_LIMIT'&#10;  &#10;  - ENTER_LIMIT&#10;  + HOLD">tests/test_bot.py:5755: in test_structured_entry_accepts_rsi_51_and_volume_1_20
    assert signal["action"] == "ENTER_LIMIT", signal
E   AssertionError: {'action': 'HOLD', 'atr': 0.3, 'btc_allocation_factor': 1.0, 'btc_regime_mode': 'ALIGNED', ...}
E   assert 'HOLD' == 'ENTER_LIMIT'
E     
E     - ENTER_LIMIT
E     + HOLD</failure></testcase><testcase classname="tests.test_bot" name="test_structured_entry_accepts_relaxed_location_and_volume" time="0.007"><failure message="AssertionError: {'action': 'HOLD', 'atr': 0.3, 'btc_allocation_factor': 1.0, 'btc_regime_mode': 'ALIGNED', ...}&#10;assert 'HOLD' == 'ENTER_LIMIT'&#10;  &#10;  - ENTER_LIMIT&#10;  + HOLD">tests/test_bot.py:5774: in test_structured_entry_accepts_relaxed_location_and_volume
    assert signal["action"] == "ENTER_LIMIT", signal
E   AssertionError: {'action': 'HOLD', 'atr': 0.3, 'btc_allocation_factor': 1.0, 'btc_regime_mode': 'ALIGNED', ...}
E   assert 'HOLD' == 'ENTER_LIMIT'
E     
E     - ENTER_LIMIT
E     + HOLD</failure></testcase><testcase classname="tests.test_bot" name="test_structured_entry_accepts_macd_improvement_without_reversal_candle" time="0.008"><failure message="AssertionError: {'action': 'HOLD', 'atr': 0.3, 'btc_allocation_factor': 1.0, 'btc_regime_mode': 'ALIGNED', ...}&#10;assert 'HOLD' == 'ENTER_LIMIT'&#10;  &#10;  - ENTER_LIMIT&#10;  + HOLD">tests/test_bot.py:5792: in test_structured_entry_accepts_macd_improvement_without_reversal_candle
    assert signal["action"] == "ENTER_LIMIT", signal
E   AssertionError: {'action': 'HOLD', 'atr': 0.3, 'btc_allocation_factor': 1.0, 'btc_regime_mode': 'ALIGNED', ...}
E   assert 'HOLD' == 'ENTER_LIMIT'
E     
E     - ENTER_LIMIT
E     + HOLD</failure></testcase><testcase classname="tests.test_bot" name="test_structured_entry_penalizes_contrary_btc_when_explicitly_allowed" time="0.007"><failure message="AssertionError: assert 'HOLD' == 'ENTER_LIMIT'&#10;  &#10;  - ENTER_LIMIT&#10;  + HOLD">tests/test_bot.py:5816: in test_structured_entry_penalizes_contrary_btc_when_explicitly_allowed
    assert aligned["action"] == contrary["action"] == "ENTER_LIMIT"
E   AssertionError: assert 'HOLD' == 'ENTER_LIMIT'
E     
E     - ENTER_LIMIT
E     + HOLD</failure></testcase><testcase classname="tests.test_bot" name="test_structured_entry_keeps_half_size_contrary_btc_for_structured_mode" time="0.006"><failure message="AssertionError: {'action': 'HOLD', 'atr': 0.3, 'btc_allocation_factor': 0.5, 'btc_regime_mode': 'CONTRARY', ...}&#10;assert 'HOLD' == 'ENTER_LIMIT'&#10;  &#10;  - ENTER_LIMIT&#10;  + HOLD">tests/test_bot.py:5838: in test_structured_entry_keeps_half_size_contrary_btc_for_structured_mode
    assert signal["action"] == "ENTER_LIMIT", signal
E   AssertionError: {'action': 'HOLD', 'atr': 0.3, 'btc_allocation_factor': 0.5, 'btc_regime_mode': 'CONTRARY', ...}
E   assert 'HOLD' == 'ENTER_LIMIT'
E     
E     - ENTER_LIMIT
E     + HOLD</failure></testcase><testcase classname="tests.test_bot" name="test_structured_short_rejects_oversold_rsi" time="0.007" /><testcase classname="tests.test_bot" name="test_support_pullback_rejects_ada_style_rsi_exhaustion[SHORT-40.0-36.8-\u754c\u965038]" time="0.007" /><testcase classname="tests.test_bot" name="test_support_pullback_rejects_ada_style_rsi_exhaustion[LONG-60.0-63.0-\u754c\u965062]" time="0.007" /><testcase classname="tests.test_bot" name="test_support_pullback_rejects_confirmation_volume_below_point_three" time="0.006" /><testcase classname="tests.test_bot" name="test_volume_guard_blocks_before_readiness_when_just_below_threshold" time="0.005" /><testcase classname="tests.test_bot" name="test_structured_entry_remembers_recent_location_and_confirmation" time="0.007"><failure message="AssertionError: 多頭交易 RSI 門檻提高：54.0 &lt; 55.0，等待更強勢信號&#10;assert 'HOLD' == 'ENTER_LIMIT'&#10;  &#10;  - ENTER_LIMIT&#10;  + HOLD">tests/test_bot.py:5967: in test_structured_entry_remembers_recent_location_and_confirmation
    assert signal["action"] == "ENTER_LIMIT", signal["reason"]
E   AssertionError: 多頭交易 RSI 門檻提高：54.0 &lt; 55.0，等待更強勢信號
E   assert 'HOLD' == 'ENTER_LIMIT'
E     
E     - ENTER_LIMIT
E     + HOLD</failure></testcase><testcase classname="tests.test_bot" name="test_structured_entry_expires_old_location_and_confirmation" time="0.013"><failure message="AssertionError: assert '需≤0.40' in '多頭交易 RSI 門檻提高：54.0 &lt; 55.0，等待更強勢信號'">tests/test_bot.py:5996: in test_structured_entry_expires_old_location_and_confirmation
    assert "需≤0.40" in signal["reason"]
E   AssertionError: assert '需≤0.40' in '多頭交易 RSI 門檻提高：54.0 &lt; 55.0，等待更強勢信號'</failure></testcase><testcase classname="tests.test_bot" name="test_structured_entry_marks_only_roomy_expanding_setup_as_trend_extension" time="0.008" /><testcase classname="tests.test_bot" name="test_structured_entry_full_readiness_cannot_bypass_profit_room_floor" time="0.006"><failure message="KeyError: 'profit_room_pct'">tests/test_bot.py:6034: in test_structured_entry_full_readiness_cannot_bypass_profit_room_floor
    assert signal["profit_room_pct"] &lt; 0.01
E   KeyError: 'profit_room_pct'</failure></testcase><testcase classname="tests.test_bot" name="test_structured_entry_rejects_room_that_cannot_cover_cost_buffer" time="0.007"><failure message="AssertionError: assert '獲利空間不足' in '多頭交易 RSI 門檻提高：54.0 &lt; 55.0，等待更強勢信號'">tests/test_bot.py:6057: in test_structured_entry_rejects_room_that_cannot_cover_cost_buffer
    assert "獲利空間不足" in signal["reason"]
[...]
lassname="tests.test_trade_mode_lifecycle" name="test_every_trade_mode_completes_open_reload_close_lifecycle[asyncio-LONG-MA5_REVERSAL]" time="0.005" /><testcase classname="tests.test_trade_mode_lifecycle" name="test_every_trade_mode_completes_open_reload_close_lifecycle[asyncio-LONG-MOMENTUM_CROSS]" time="0.005" /><testcase classname="tests.test_trade_mode_lifecycle" name="test_every_trade_mode_completes_open_reload_close_lifecycle[asyncio-LONG-PIVOT_TURN]" time="0.005" /><testcase classname="tests.test_trade_mode_lifecycle" name="test_every_trade_mode_completes_open_reload_close_lifecycle[asyncio-LONG-PULLBACK]" time="0.005" /><testcase classname="tests.test_trade_mode_lifecycle" name="test_every_trade_mode_completes_open_reload_close_lifecycle[asyncio-LONG-SHORT_FAST_ENTRY]" time="0.005" /><testcase classname="tests.test_trade_mode_lifecycle" name="test_every_trade_mode_completes_open_reload_close_lifecycle[asyncio-LONG-STRONG_LONG_BURST]" time="0.005" /><testcase classname="tests.test_trade_mode_lifecycle" name="test_every_trade_mode_completes_open_reload_close_lifecycle[asyncio-LONG-SUPPORT_PULLBACK]" time="0.005" /><testcase classname="tests.test_trade_mode_lifecycle" name="test_every_trade_mode_completes_open_reload_close_lifecycle[asyncio-SHORT-BREAKOUT]" time="0.004" /><testcase classname="tests.test_trade_mode_lifecycle" name="test_every_trade_mode_completes_open_reload_close_lifecycle[asyncio-SHORT-CHANNEL_SWING]" time="0.005" /><testcase classname="tests.test_trade_mode_lifecycle" name="test_every_trade_mode_completes_open_reload_close_lifecycle[asyncio-SHORT-CURRENT_MAKER]" time="0.005" /><testcase classname="tests.test_trade_mode_lifecycle" name="test_every_trade_mode_completes_open_reload_close_lifecycle[asyncio-SHORT-EXHAUSTION_SNIPER]" time="0.005" /><testcase classname="tests.test_trade_mode_lifecycle" name="test_every_trade_mode_completes_open_reload_close_lifecycle[asyncio-SHORT-MA3_MA15_LIMIT]" time="0.005" /><testcase classname="tests.test_trade_mode_lifecycle" name="test_every_trade_mode_completes_open_reload_close_lifecycle[asyncio-SHORT-MA3_MA15_MARKET]" time="0.005" /><testcase classname="tests.test_trade_mode_lifecycle" name="test_every_trade_mode_completes_open_reload_close_lifecycle[asyncio-SHORT-MA3_PIVOT]" time="0.005" /><testcase classname="tests.test_trade_mode_lifecycle" name="test_every_trade_mode_completes_open_reload_close_lifecycle[asyncio-SHORT-MA5_BOTTOM_LIMIT]" time="0.005" /><testcase classname="tests.test_trade_mode_lifecycle" name="test_every_trade_mode_completes_open_reload_close_lifecycle[asyncio-SHORT-MA5_CROSS_PIVOT]" time="0.004" /><testcase classname="tests.test_trade_mode_lifecycle" name="test_every_trade_mode_completes_open_reload_close_lifecycle[asyncio-SHORT-MA5_REVERSAL]" time="0.005" /><testcase classname="tests.test_trade_mode_lifecycle" name="test_every_trade_mode_completes_open_reload_close_lifecycle[asyncio-SHORT-MOMENTUM_CROSS]" time="0.005" /><testcase classname="tests.test_trade_mode_lifecycle" name="test_every_trade_mode_completes_open_reload_close_lifecycle[asyncio-SHORT-PIVOT_TURN]" time="0.005" /><testcase classname="tests.test_trade_mode_lifecycle" name="test_every_trade_mode_completes_open_reload_close_lifecycle[asyncio-SHORT-PULLBACK]" time="0.005" /><testcase classname="tests.test_trade_mode_lifecycle" name="test_every_trade_mode_completes_open_reload_close_lifecycle[asyncio-SHORT-SHORT_FAST_ENTRY]" time="0.006" /><testcase classname="tests.test_trade_mode_lifecycle" name="test_every_trade_mode_completes_open_reload_close_lifecycle[asyncio-SHORT-STRONG_LONG_BURST]" time="0.005" /><testcase classname="tests.test_trade_mode_lifecycle" name="test_every_trade_mode_completes_open_reload_close_lifecycle[asyncio-SHORT-SUPPORT_PULLBACK]" time="0.006" /><testcase classname="tests.test_trade_mode_lifecycle" name="test_every_trade_mode_rejects_zero_amount[asyncio-LONG-BREAKOUT]" time="0.003" /><testcase classname="tests.test_trade_mode_lifecycle" name="test_every_trade_mode_rejects_zero_amount[asyncio-LONG-CHANNEL_SWING]" time="0.003" /><testcase classname="tests.test_trade_mode_lifecycle" name="test_every_trade_mode_rejects_zero_amount[asyncio-LONG-CURRENT_MAKER]" time="0.003" /><testcase classname="tests.test_trade_mode_lifecycle" name="test_every_trade_mode_rejects_zero_amount[asyncio-LONG-EXHAUSTION_SNIPER]" time="0.003" /><testcase classname="tests.test_trade_mode_lifecycle" name="test_every_trade_mode_rejects_zero_amount[asyncio-LONG-MA3_MA15_LIMIT]" time="0.002" /><testcase classname="tests.test_trade_mode_lifecycle" name="test_every_trade_mode_rejects_zero_amount[asyncio-LONG-MA3_MA15_MARKET]" time="0.002" /><testcase classname="tests.test_trade_mode_lifecycle" name="test_every_trade_mode_rejects_zero_amount[asyncio-LONG-MA3_PIVOT]" time="0.002" /><testcase classname="tests.test_trade_mode_lifecycle" name="test_every_trade_mode_rejects_zero_amount[asyncio-LONG-MA5_BOTTOM_LIMIT]" time="0.003" /><testcase classname="tests.test_trade_mode_lifecycle" name="test_every_trade_mode_rejects_zero_amount[asyncio-LONG-MA5_CROSS_PIVOT]" time="0.003" /><testcase classname="tests.test_trade_mode_lifecycle" name="test_every_trade_mode_rejects_zero_amount[asyncio-LONG-MA5_REVERSAL]" time="0.002" /><testcase classname="tests.test_trade_mode_lifecycle" name="test_every_trade_mode_rejects_zero_amount[asyncio-LONG-MOMENTUM_CROSS]" time="0.002" /><testcase classname="tests.test_trade_mode_lifecycle" name="test_every_trade_mode_rejects_zero_amount[asyncio-LONG-PIVOT_TURN]" time="0.003" /><testcase classname="tests.test_trade_mode_lifecycle" name="test_every_trade_mode_rejects_zero_amount[asyncio-LONG-PULLBACK]" time="0.002" /><testcase classname="tests.test_trade_mode_lifecycle" name="test_every_trade_mode_rejects_zero_amount[asyncio-LONG-SHORT_FAST_ENTRY]" time="0.002" /><testcase classname="tests.test_trade_mode_lifecycle" name="test_every_trade_mode_rejects_zero_amount[asyncio-LONG-STRONG_LONG_BURST]" time="0.002" /><testcase classname="tests.test_trade_mode_lifecycle" name="test_every_trade_mode_rejects_zero_amount[asyncio-LONG-SUPPORT_PULLBACK]" time="0.003" /><testcase classname="tests.test_trade_mode_lifecycle" name="test_every_trade_mode_rejects_zero_amount[asyncio-SHORT-BREAKOUT]" time="0.002" /><testcase classname="tests.test_trade_mode_lifecycle" name="test_every_trade_mode_rejects_zero_amount[asyncio-SHORT-CHANNEL_SWING]" time="0.002" /><testcase classname="tests.test_trade_mode_lifecycle" name="test_every_trade_mode_rejects_zero_amount[asyncio-SHORT-CURRENT_MAKER]" time="0.003" /><testcase classname="tests.test_trade_mode_lifecycle" name="test_every_trade_mode_rejects_zero_amount[asyncio-SHORT-EXHAUSTION_SNIPER]" time="0.002" /><testcase classname="tests.test_trade_mode_lifecycle" name="test_every_trade_mode_rejects_zero_amount[asyncio-SHORT-MA3_MA15_LIMIT]" time="0.002" /><testcase classname="tests.test_trade_mode_lifecycle" name="test_every_trade_mode_rejects_zero_amount[asyncio-SHORT-MA3_MA15_MARKET]" time="0.002" /><testcase classname="tests.test_trade_mode_lifecycle" name="test_every_trade_mode_rejects_zero_amount[asyncio-SHORT-MA3_PIVOT]" time="0.003" /><testcase classname="tests.test_trade_mode_lifecycle" name="test_every_trade_mode_rejects_zero_amount[asyncio-SHORT-MA5_BOTTOM_LIMIT]" time="0.002" /><testcase classname="tests.test_trade_mode_lifecycle" name="test_every_trade_mode_rejects_zero_amount[asyncio-SHORT-MA5_CROSS_PIVOT]" time="0.002" /><testcase classname="tests.test_trade_mode_lifecycle" name="test_every_trade_mode_rejects_zero_amount[asyncio-SHORT-MA5_REVERSAL]" time="0.003" /><testcase classname="tests.test_trade_mode_lifecycle" name="test_every_trade_mode_rejects_zero_amount[asyncio-SHORT-MOMENTUM_CROSS]" time="0.003" /><testcase classname="tests.test_trade_mode_lifecycle" name="test_every_trade_mode_rejects_zero_amount[asyncio-SHORT-PIVOT_TURN]" time="0.002" /><testcase classname="tests.test_trade_mode_lifecycle" name="test_every_trade_mode_rejects_zero_amount[asyncio-SHORT-PULLBACK]" time="0.002" /><testcase classname="tests.test_trade_mode_lifecycle" name="test_every_trade_mode_rejects_zero_amount[asyncio-SHORT-SHORT_FAST_ENTRY]" time="0.002" /><testcase classname="tests.test_trade_mode_lifecycle" name="test_every_trade_mode_rejects_zero_amount[asyncio-SHORT-STRONG_LONG_BURST]" time="0.002" /><testcase classname="tests.test_trade_mode_lifecycle" name="test_every_trade_mode_rejects_zero_amount[asyncio-SHORT-SUPPORT_PULLBACK]" time="0.002" /><testcase classname="tests.test_trade_mode_lifecycle" name="test_every_trade_mode_rejects_same_side_duplicate[asyncio-LONG-BREAKOUT]" time="0.003" /><testcase classname="tests.test_trade_mode_lifecycle" name="test_every_trade_mode_rejects_same_side_duplicate[asyncio-LONG-CHANNEL_SWING]" time="0.003" /><testcase classname="tests.test_trade_mode_lifecycle" name="test_every_trade_mode_rejects_same_side_duplicate[asyncio-LONG-CURRENT_MAKER]" time="0.003" /><testcase classname="tests.test_trade_mode_lifecycle" name="test_every_trade_mode_rejects_same_side_duplicate[asyncio-LONG-EXHAUSTION_SNIPER]" time="0.003" /><testcase classname="tests.test_trade_mode_lifecycle" name="test_every_trade_mode_rejects_same_side_duplicate[asyncio-LONG-MA3_MA15_LIMIT]" time="0.003" /><testcase classname="tests.test_trade_mode_lifecycle" name="test_every_trade_mode_rejects_same_side_duplicate[asyncio-LONG-MA3_MA15_MARKET]" time="0.003" /><testcase classname="tests.test_trade_mode_lifecycle" name="test_every_trade_mode_rejects_same_side_duplicate[asyncio-LONG-MA3_PIVOT]" time="0.003" /><testcase classname="tests.test_trade_mode_lifecycle" name="test_every_trade_mode_rejects_same_side_duplicate[asyncio-LONG-MA5_BOTTOM_LIMIT]" time="0.004" /><testcase classname="tests.test_trade_mode_lifecycle" name="test_every_trade_mode_rejects_same_side_duplicate[asyncio-LONG-MA5_CROSS_PIVOT]" time="0.003" /><testcase classname="tests.test_trade_mode_lifecycle" name="test_every_trade_mode_rejects_same_side_duplicate[asyncio-LONG-MA5_REVERSAL]" time="0.003" /><testcase classname="tests.test_trade_mode_lifecycle" name="test_every_trade_mode_rejects_same_side_duplicate[asyncio-LONG-MOMENTUM_CROSS]" time="0.003" /><testcase classname="tests.test_trade_mode_lifecycle" name="test_every_trade_mode_rejects_same_side_duplicate[asyncio-LONG-PIVOT_TURN]" time="0.003" /><testcase classname="tests.test_trade_mode_lifecycle" name="test_every_trade_mode_rejects_same_side_duplicate[asyncio-LONG-PULLBACK]" time="0.003" /><testcase classname="tests.test_trade_mode_lifecycle" name="test_every_trade_mode_rejects_same_side_duplicate[asyncio-LONG-SHORT_FAST_ENTRY]" time="0.003" /><testcase classname="tests.test_trade_mode_lifecycle" name="test_every_trade_mode_rejects_same_side_duplicate[asyncio-LONG-STRONG_LONG_BURST]" time="0.003" /><testcase classname="tests.test_trade_mode_lifecycle" name="test_every_trade_mode_rejects_same_side_duplicate[asyncio-LONG-SUPPORT_PULLBACK]" time="0.003" /><testcase classname="tests.test_trade_mode_lifecycle" name="test_every_trade_mode_rejects_same_side_duplicate[asyncio-SHORT-BREAKOUT]" time="0.003" /><testcase classname="tests.test_trade_mode_lifecycle" name="test_every_trade_mode_rejects_same_side_duplicate[asyncio-SHORT-CHANNEL_SWING]" time="0.003" /><testcase classname="tests.test_trade_mode_lifecycle" name="test_every_trade_mode_rejects_same_side_duplicate[asyncio-SHORT-CURRENT_MAKER]" time="0.003" /><testcase classname="tests.test_trade_mode_lifecycle" name="test_every_trade_mode_rejects_same_side_duplicate[asyncio-SHORT-EXHAUSTION_SNIPER]" time="0.003" /><testcase classname="tests.test_trade_mode_lifecycle" name="test_every_trade_mode_rejects_same_side_duplicate[asyncio-SHORT-MA3_MA15_LIMIT]" time="0.003" /><testcase classname="tests.test_trade_mode_lifecycle" name="test_every_trade_mode_rejects_same_side_duplicate[asyncio-SHORT-MA3_MA15_MARKET]" time="0.003" /><testcase classname="tests.test_trade_mode_lifecycle" name="test_every_trade_mode_rejects_same_side_duplicate[asyncio-SHORT-MA3_PIVOT]" time="0.003" /><testcase classname="tests.test_trade_mode_lifecycle" name="test_every_trade_mode_rejects_same_side_duplicate[asyncio-SHORT-MA5_BOTTOM_LIMIT]" time="0.003" /><testcase classname="tests.test_trade_mode_lifecycle" name="test_every_trade_mode_rejects_same_side_duplicate[asyncio-SHORT-MA5_CROSS_PIVOT]" time="0.003" /><testcase classname="tests.test_trade_mode_lifecycle" name="test_every_trade_mode_rejects_same_side_duplicate[asyncio-SHORT-MA5_REVERSAL]" time="0.003" /><testcase classname="tests.test_trade_mode_lifecycle" name="test_every_trade_mode_rejects_same_side_duplicate[asyncio-SHORT-MOMENTUM_CROSS]" time="0.003" /><testcase classname="tests.test_trade_mode_lifecycle" name="test_every_trade_mode_rejects_same_side_duplicate[asyncio-SHORT-PIVOT_TURN]" time="0.003" /><testcase classname="tests.test_trade_mode_lifecycle" name="test_every_trade_mode_rejects_same_side_duplicate[asyncio-SHORT-PULLBACK]" time="0.003" /><testcase classname="tests.test_trade_mode_lifecycle" name="test_every_trade_mode_rejects_same_side_duplicate[asyncio-SHORT-SHORT_FAST_ENTRY]" time="0.003" /><testcase classname="tests.test_trade_mode_lifecycle" name="test_every_trade_mode_rejects_same_side_duplicate[asyncio-SHORT-STRONG_LONG_BURST]" time="0.003" /><testcase classname="tests.test_trade_mode_lifecycle" name="test_every_trade_mode_rejects_same_side_duplicate[asyncio-SHORT-SUPPORT_PULLBACK]" time="0.003" /><testcase classname="tests.test_trade_mode_lifecycle" name="test_market_entry_rejects_existing_pending_order[asyncio]" time="0.002" /><testcase classname="tests.test_trade_mode_lifecycle" name="test_explicit_enabled_dca_is_the_only_allowed_top_up[asyncio]" time="0.004" /><testcase classname="tests.test_trade_mode_lifecycle" name="test_partial_close_rejects_non_partial_fraction[asyncio-0.0-LONG]" time="0.003" /><testcase classname="tests.test_trade_mode_lifecycle" name="test_partial_close_rejects_non_partial_fraction[asyncio-0.0-SHORT]" time="0.003" /><testcase classname="tests.test_trade_mode_lifecycle" name="test_partial_close_rejects_non_partial_fraction[asyncio-1.0-LONG]" time="0.003" /><testcase classname="tests.test_trade_mode_lifecycle" name="test_partial_close_rejects_non_partial_fraction[asyncio-1.0-SHORT]" time="0.003" /><testcase classname="tests.test_trade_mode_lifecycle" name="test_partial_close_rejects_non_partial_fraction[asyncio-1.2-LONG]" time="0.003" /><testcase classname="tests.test_trade_mode_lifecycle" name="test_partial_close_rejects_non_partial_fraction[asyncio-1.2-SHORT]" time="0.003" /><testcase classname="tests.test_trade_mode_lifecycle" name="test_close_paths_remove_same_symbol_pending_top_up[asyncio-False]" time="0.004" /><testcase classname="tests.test_trade_mode_lifecycle" name="test_close_paths_remove_same_symbol_pending_top_up[asyncio-True]" time="0.004" /><testcase classname="tests.test_trade_mode_lifecycle" name="test_dca_pending_top_up_requires_stage_two_same_side_and_non_channel[asyncio]" time="0.006" /><testcase classname="tests.test_trend_pullback" name="test_confirmed_pullback_enters_with_absolute_structure_stop[LONG]" time="0.009" /><testcase classname="tests.test_trend_pullback" name="test_confirmed_pullback_enters_with_absolute_structure_stop[SHORT]" time="0.011" /><testcase classname="tests.test_trend_pullback" name="test_rejects_invalid_entry[wrong_trend]" time="0.008" /><testcase classname="tests.test_trend_pullback" name="test_rejects_invalid_entry[broken_structure]" time="0.008" /><testcase classname="tests.test_trend_pullback" name="test_rejects_invalid_entry[no_confirmation]" time="0.008" /><testcase classname="tests.test_trend_pullback" name="test_rejects_invalid_entry[expensive]" time="0.009" /><testcase classname="tests.test_trend_pullback" name="test_rejects_invalid_entry[wide_stop]" time="0.009" /><testcase classname="tests.test_trend_pullback" name="test_stop_works_without_candles_and_never_reverses[LONG-99.0-98.0]" time="0.001" /><testcase classname="tests.test_trend_pullback" name="test_stop_works_without_candles_and_never_reverses[SHORT-101.0-102.0]" time="0.001" /><testcase classname="tests.test_trend_pullback" name="test_live_bar_cannot_create_or_cancel_entry" time="0.013" /><testcase classname="tests.test_trend_pullback" name="test_pivots_need_two_right_closed_candles" time="0.011" /><testcase classname="tests.test_trend_pullback" name="test_stop_does_not_loosen_or_use_pre_entry_pivots" time="0.008" /><testcase classname="tests.test_v9_core_logic" name="test_entry_track_c_breakout" time="0.001"><failure message="AssertionError: assert '#x1F680 [1-Candle ... LONG: 極端爆發直入' == '[SPECIAL_ENT...LONG (MARKET)'&#10;  &#10;  - [SPECIAL_ENTRY] Extreme Impulse LONG (MARKET)&#10;  + #x1F680 [1-Candle Extreme] LONG: 極端爆發直入">tests/test_v9_core_logic.py:39: in test_entry_track_c_breakout
    assert reason == "[SPECIAL_ENTRY] Extreme Impulse LONG (MARKET)"
E   AssertionError: assert '#x1F680 [1-Candle ... LONG: 極端爆發直入' == '[SPECIAL_ENT...LONG (MARKET)'
E     
E     - [SPECIAL_ENTRY] Extreme Impulse LONG (MARKET)
E     + #x1F680 [1-Candle Extreme] LONG: 極端爆發直入</failure></testcase><testcase classname="tests.test_v9_core_logic" name="test_entry_track_c_structural_collapse" time="0.001"><failure message="AssertionError: assert '#x1F680 [1-Candle ... LONG: 極端爆發直入' == '[SPECIAL_ENT...LONG (MARKET)'&#10;  &#10;  - [SPECIAL_ENTRY] Extreme Impulse LONG (MARKET)&#10;  + #x1F680 [1-Candle Extreme] LONG: 極端爆發直入">tests/test_v9_core_logic.py:57: in test_entry_track_c_structural_collapse
    assert reason == "[SPECIAL_ENTRY] Extreme Impulse LONG (MARKET)"
E   AssertionError: assert '#x1F680 [1-Candle ... LONG: 極端爆發直入' == '[SPECIAL_ENT...LONG (MARKET)'
E     
E     - [SPECIAL_ENTRY] Extreme Impulse LONG (MARKET)
E     + #x1F680 [1-Candle Extreme] LONG: 極端爆發直入</failure></testcase><testcase classname="tests.test_v9_core_logic" name="test_entry_track_b_mid_pullback" time="0.001"><failure message="assert False is True">tests/test_v9_core_logic.py:76: in test_entry_track_b_mid_pullback
    assert ok is True
E   assert False is True</failure></testcase><testcase classname="tests.test_v9_core_logic" name="test_dynamic_atr_phase_jump" time="0.001"><failure message="KeyError: 'last_locked_level'">tests/test_v9_core_logic.py:95: in test_dynamic_atr_phase_jump
    assert position["v10_phase_trailing"]["last_locked_level"] == 0
E   KeyError: 'last_locked_level'</failure></testcase><testcase classname="tests.test_v9_core_logic" name="test_ratchet_lock_no_retreat" time="0.001" /><testcase classname="tests.test_v9_core_logic" name="test_entry_trend_relay_bypass" time="0.001"><failure message="assert False is True">tests/test_v9_core_logic.py:141: in test_entry_trend_relay_bypass
    assert ok is True
E   assert False is True</failure></testcase><testcase classname="tests.test_v9_core_logic" name="test_entry_track_d_trend_continuation_short" time="0.001"><failure message="assert False is True">tests/test_v9_core_logic.py:164: in test_entry_track_d_trend_continuation_short
    assert ok is True
E   assert False is True</failure></testcase><testcase classname="tests.test_v9_core_logic" name="test_entry_track_d_blocked_when_not_cascading" time="0.001" /><testcase classname="tests.test_v9_core_logic" name="test_entry_filtered_extreme_distance" time="0.001"><failure message="assert True is False">tests/test_v9_core_logic.py:204: in test_entry_filtered_extreme_distance
    assert ok is False
E   assert True is False</failure></testcase><testcase classname="tests.test_v9_core_logic" name="test_entry_track_a_trend_defense" time="0.006"><failure message="AssertionError: assert 'FILTERED_EXTREME_COUNTER_TREND' in 'FILTERED_NOT_2_CANDLE_BREAKOUT_OR_CONTINUATION'">tests/test_v9_core_logic.py:225: in test_entry_track_a_trend_defense
    assert "FILTERED_EXTREME_COUNTER_TREND" in reason
E   AssertionError: assert 'FILTERED_EXTREME_COUNTER_TREND' in 'FILTERED_NOT_2_CANDLE_BREAKOUT_OR_CONTINUATION'</failure></testcase></testsuite></testsuites>